2020-08-31 22:26:34.407 INFO  Application.main:34 - create server
2020-08-31 22:26:34.407 INFO  Application.main:34 - create server
2020-08-31 22:26:34.437 INFO  Application.main:38 - start server
2020-08-31 22:26:34.437 INFO  Application.main:38 - start server
2020-08-31 22:26:34.677 INFO  DbConfig.config:31 - 添加主数据源完成
2020-08-31 22:26:34.677 INFO  DbConfig.config:31 - 添加主数据源完成
2020-08-31 22:27:05.762 INFO  Application.main:33 - create server
2020-08-31 22:27:05.762 INFO  Application.main:33 - create server
2020-08-31 22:27:05.791 INFO  Application.main:37 - start server
2020-08-31 22:27:05.791 INFO  Application.main:37 - start server
2020-08-31 22:27:06.029 INFO  DbConfig.config:31 - 添加主数据源完成
2020-08-31 22:27:06.029 INFO  DbConfig.config:31 - 添加主数据源完成
2020-08-31 22:28:32.274 INFO  Application.main:33 - create server
2020-08-31 22:28:32.274 INFO  Application.main:33 - create server
2020-08-31 22:28:32.304 INFO  Application.main:37 - start server
2020-08-31 22:28:32.304 INFO  Application.main:37 - start server
2020-08-31 22:28:32.540 INFO  DbConfig.config:31 - 添加主数据源完成
2020-08-31 22:28:32.540 INFO  DbConfig.config:31 - 添加主数据源完成
2020-08-31 22:28:32.868 INFO  undertow.start:117 - starting server: Undertow - 2.0.30.Final
2020-08-31 22:28:32.868 INFO  undertow.start:117 - starting server: Undertow - 2.0.30.Final
2020-08-31 22:28:32.880 INFO  xnio.<clinit>:104 - XNIO version 3.3.8.Final
2020-08-31 22:28:32.880 INFO  xnio.<clinit>:104 - XNIO version 3.3.8.Final
2020-08-31 22:28:32.894 INFO  nio.<clinit>:55 - XNIO NIO Implementation Version 3.3.8.Final
2020-08-31 22:28:32.894 INFO  nio.<clinit>:55 - XNIO NIO Implementation Version 3.3.8.Final
2020-08-31 22:29:41.881 INFO  Application.main:33 - create server
2020-08-31 22:29:41.881 INFO  Application.main:33 - create server
2020-08-31 22:29:41.915 INFO  Application.main:37 - start server
2020-08-31 22:29:41.915 INFO  Application.main:37 - start server
2020-08-31 22:29:42.154 INFO  DbConfig.config:31 - 添加主数据源完成
2020-08-31 22:29:42.154 INFO  DbConfig.config:31 - 添加主数据源完成
2020-08-31 22:29:42.452 INFO  undertow.start:117 - starting server: Undertow - 2.0.30.Final
2020-08-31 22:29:42.452 INFO  undertow.start:117 - starting server: Undertow - 2.0.30.Final
2020-08-31 22:29:42.465 INFO  xnio.<clinit>:104 - XNIO version 3.3.8.Final
2020-08-31 22:29:42.465 INFO  xnio.<clinit>:104 - XNIO version 3.3.8.Final
2020-08-31 22:29:42.480 INFO  nio.<clinit>:55 - XNIO NIO Implementation Version 3.3.8.Final
2020-08-31 22:29:42.480 INFO  nio.<clinit>:55 - XNIO NIO Implementation Version 3.3.8.Final
2020-08-31 22:30:08.924 INFO  undertow.stop:252 - stopping server: Undertow - 2.0.30.Final
2020-08-31 22:30:08.924 INFO  undertow.stop:252 - stopping server: Undertow - 2.0.30.Final
2020-08-31 22:30:09.010 INFO  DbConfig.config:31 - 添加主数据源完成
2020-08-31 22:30:09.010 INFO  DbConfig.config:31 - 添加主数据源完成
2020-08-31 22:30:09.047 INFO  undertow.start:117 - starting server: Undertow - 2.0.30.Final
2020-08-31 22:30:09.047 INFO  undertow.start:117 - starting server: Undertow - 2.0.30.Final
2020-08-31 23:07:43.401 INFO  Application.main:33 - create server
2020-08-31 23:07:43.401 INFO  Application.main:33 - create server
2020-08-31 23:07:43.435 INFO  Application.main:37 - start server
2020-08-31 23:07:43.435 INFO  Application.main:37 - start server
2020-08-31 23:07:43.688 INFO  DbConfig.config:31 - 添加主数据源完成
2020-08-31 23:07:43.688 INFO  DbConfig.config:31 - 添加主数据源完成
2020-08-31 23:07:43.995 INFO  undertow.start:117 - starting server: Undertow - 2.0.30.Final
2020-08-31 23:07:43.995 INFO  undertow.start:117 - starting server: Undertow - 2.0.30.Final
2020-08-31 23:07:44.010 INFO  xnio.<clinit>:104 - XNIO version 3.3.8.Final
2020-08-31 23:07:44.010 INFO  xnio.<clinit>:104 - XNIO version 3.3.8.Final
2020-08-31 23:07:44.026 INFO  nio.<clinit>:55 - XNIO NIO Implementation Version 3.3.8.Final
2020-08-31 23:07:44.026 INFO  nio.<clinit>:55 - XNIO NIO Implementation Version 3.3.8.Final
2020-08-31 23:39:46.283 INFO  undertow.stop:252 - stopping server: Undertow - 2.0.30.Final
2020-08-31 23:39:46.283 INFO  undertow.stop:252 - stopping server: Undertow - 2.0.30.Final
2020-08-31 23:39:46.366 INFO  DbConfig.config:31 - 添加主数据源完成
2020-08-31 23:39:46.366 INFO  DbConfig.config:31 - 添加主数据源完成
2020-08-31 23:39:46.401 INFO  undertow.start:117 - starting server: Undertow - 2.0.30.Final
2020-08-31 23:39:46.401 INFO  undertow.start:117 - starting server: Undertow - 2.0.30.Final
2020-08-31 23:41:07.627 INFO  undertow.stop:252 - stopping server: Undertow - 2.0.30.Final
2020-08-31 23:41:07.627 INFO  undertow.stop:252 - stopping server: Undertow - 2.0.30.Final
2020-08-31 23:41:07.700 INFO  DbConfig.config:31 - 添加主数据源完成
2020-08-31 23:41:07.700 INFO  DbConfig.config:31 - 添加主数据源完成
2020-08-31 23:41:07.734 INFO  undertow.start:117 - starting server: Undertow - 2.0.30.Final
2020-08-31 23:41:07.734 INFO  undertow.start:117 - starting server: Undertow - 2.0.30.Final
2020-08-31 23:42:13.113 INFO  undertow.stop:252 - stopping server: Undertow - 2.0.30.Final
2020-08-31 23:42:13.113 INFO  undertow.stop:252 - stopping server: Undertow - 2.0.30.Final
2020-08-31 23:42:13.197 INFO  DbConfig.config:31 - 添加主数据源完成
2020-08-31 23:42:13.197 INFO  DbConfig.config:31 - 添加主数据源完成
2020-08-31 23:42:13.230 INFO  undertow.start:117 - starting server: Undertow - 2.0.30.Final
2020-08-31 23:42:13.230 INFO  undertow.start:117 - starting server: Undertow - 2.0.30.Final
2020-08-31 23:55:03.888 INFO  Application.main:33 - create server
2020-08-31 23:55:03.888 INFO  Application.main:33 - create server
2020-08-31 23:55:03.933 INFO  Application.main:37 - start server
2020-08-31 23:55:03.933 INFO  Application.main:37 - start server
2020-08-31 23:55:04.342 INFO  DbConfig.config:31 - 添加主数据源完成
2020-08-31 23:55:04.342 INFO  DbConfig.config:31 - 添加主数据源完成
2020-08-31 23:55:04.882 INFO  undertow.start:117 - starting server: Undertow - 2.0.30.Final
2020-08-31 23:55:04.882 INFO  undertow.start:117 - starting server: Undertow - 2.0.30.Final
2020-08-31 23:55:04.906 INFO  xnio.<clinit>:104 - XNIO version 3.3.8.Final
2020-08-31 23:55:04.906 INFO  xnio.<clinit>:104 - XNIO version 3.3.8.Final
2020-08-31 23:55:04.936 INFO  nio.<clinit>:55 - XNIO NIO Implementation Version 3.3.8.Final
2020-08-31 23:55:04.936 INFO  nio.<clinit>:55 - XNIO NIO Implementation Version 3.3.8.Final
2020-08-31 23:58:14.293 INFO  ApiFormController.list:49 - kv : {pageNo=1, pageSize=10, tableName=om_log_ask_detail_202008}
2020-08-31 23:58:14.293 INFO  ApiFormController.list:49 - kv : {pageNo=1, pageSize=10, tableName=om_log_ask_detail_202008}
2020-08-31 23:59:18.413 INFO  undertow.stop:252 - stopping server: Undertow - 2.0.30.Final
2020-08-31 23:59:18.413 INFO  undertow.stop:252 - stopping server: Undertow - 2.0.30.Final
2020-08-31 23:59:18.520 INFO  DbConfig.config:31 - 添加主数据源完成
2020-08-31 23:59:18.520 INFO  DbConfig.config:31 - 添加主数据源完成
2020-08-31 23:59:18.580 INFO  undertow.start:117 - starting server: Undertow - 2.0.30.Final
2020-08-31 23:59:18.580 INFO  undertow.start:117 - starting server: Undertow - 2.0.30.Final
2020-08-31 23:59:23.458 INFO  ApiFormController.list:49 - kv : {pageNo=1, pageSize=10, tableName=om_log_ask_detail_202008}
2020-08-31 23:59:23.458 INFO  ApiFormController.list:49 - kv : {pageNo=1, pageSize=10, tableName=om_log_ask_detail_202008}
2020-09-01 00:01:03.334 INFO  undertow.stop:252 - stopping server: Undertow - 2.0.30.Final
2020-09-01 00:01:03.334 INFO  undertow.stop:252 - stopping server: Undertow - 2.0.30.Final
2020-09-01 00:01:03.438 INFO  DbConfig.config:31 - 添加主数据源完成
2020-09-01 00:01:03.438 INFO  DbConfig.config:31 - 添加主数据源完成
2020-09-01 00:01:03.495 INFO  undertow.start:117 - starting server: Undertow - 2.0.30.Final
2020-09-01 00:01:03.495 INFO  undertow.start:117 - starting server: Undertow - 2.0.30.Final
2020-09-01 00:01:20.982 INFO  Application.main:33 - create server
2020-09-01 00:01:20.982 INFO  Application.main:33 - create server
2020-09-01 00:01:21.014 INFO  Application.main:37 - start server
2020-09-01 00:01:21.014 INFO  Application.main:37 - start server
2020-09-01 00:01:21.259 INFO  DbConfig.config:31 - 添加主数据源完成
2020-09-01 00:01:21.259 INFO  DbConfig.config:31 - 添加主数据源完成
2020-09-01 00:01:21.544 INFO  undertow.start:117 - starting server: Undertow - 2.0.30.Final
2020-09-01 00:01:21.544 INFO  undertow.start:117 - starting server: Undertow - 2.0.30.Final
2020-09-01 00:01:21.557 INFO  xnio.<clinit>:104 - XNIO version 3.3.8.Final
2020-09-01 00:01:21.557 INFO  xnio.<clinit>:104 - XNIO version 3.3.8.Final
2020-09-01 00:01:21.572 INFO  nio.<clinit>:55 - XNIO NIO Implementation Version 3.3.8.Final
2020-09-01 00:01:21.572 INFO  nio.<clinit>:55 - XNIO NIO Implementation Version 3.3.8.Final
2020-09-01 00:01:30.548 INFO  undertow.stop:252 - stopping server: Undertow - 2.0.30.Final
2020-09-01 00:01:30.548 INFO  undertow.stop:252 - stopping server: Undertow - 2.0.30.Final
2020-09-01 00:01:30.654 INFO  DbConfig.config:31 - 添加主数据源完成
2020-09-01 00:01:30.654 INFO  DbConfig.config:31 - 添加主数据源完成
2020-09-01 00:01:30.707 INFO  undertow.start:117 - starting server: Undertow - 2.0.30.Final
2020-09-01 00:01:30.707 INFO  undertow.start:117 - starting server: Undertow - 2.0.30.Final
2020-09-01 00:02:43.317 INFO  undertow.stop:252 - stopping server: Undertow - 2.0.30.Final
2020-09-01 00:02:43.317 INFO  undertow.stop:252 - stopping server: Undertow - 2.0.30.Final
2020-09-01 00:02:43.395 INFO  DbConfig.config:31 - 添加主数据源完成
2020-09-01 00:02:43.395 INFO  DbConfig.config:31 - 添加主数据源完成
2020-09-01 00:02:43.429 INFO  undertow.start:117 - starting server: Undertow - 2.0.30.Final
2020-09-01 00:02:43.429 INFO  undertow.start:117 - starting server: Undertow - 2.0.30.Final
2020-09-01 00:02:55.825 INFO  undertow.stop:252 - stopping server: Undertow - 2.0.30.Final
2020-09-01 00:02:55.825 INFO  undertow.stop:252 - stopping server: Undertow - 2.0.30.Final
2020-09-01 00:02:55.896 INFO  DbConfig.config:31 - 添加主数据源完成
2020-09-01 00:02:55.896 INFO  DbConfig.config:31 - 添加主数据源完成
2020-09-01 00:02:55.968 INFO  undertow.start:117 - starting server: Undertow - 2.0.30.Final
2020-09-01 00:02:55.968 INFO  undertow.start:117 - starting server: Undertow - 2.0.30.Final
2020-09-01 00:03:16.710 INFO  undertow.stop:252 - stopping server: Undertow - 2.0.30.Final
2020-09-01 00:03:16.710 INFO  undertow.stop:252 - stopping server: Undertow - 2.0.30.Final
2020-09-01 00:03:16.790 INFO  DbConfig.config:31 - 添加主数据源完成
2020-09-01 00:03:16.790 INFO  DbConfig.config:31 - 添加主数据源完成
2020-09-01 00:03:16.824 INFO  undertow.start:117 - starting server: Undertow - 2.0.30.Final
2020-09-01 00:03:16.824 INFO  undertow.start:117 - starting server: Undertow - 2.0.30.Final
2020-09-01 00:03:24.396 INFO  ApiFormController.list:49 - kv : {pageNo=1, pageSize=10, tableName=om_log_ask_detail_202008}
2020-09-01 00:03:24.396 INFO  ApiFormController.list:49 - kv : {pageNo=1, pageSize=10, tableName=om_log_ask_detail_202008}
2020-09-01 00:04:28.722 INFO  ApiFormController.list:49 - kv : {tableName=om_log_ask_detail_202008}
2020-09-01 00:04:28.722 INFO  ApiFormController.list:49 - kv : {tableName=om_log_ask_detail_202008}
2020-09-01 00:05:43.696 INFO  undertow.stop:252 - stopping server: Undertow - 2.0.30.Final
2020-09-01 00:05:43.696 INFO  undertow.stop:252 - stopping server: Undertow - 2.0.30.Final
2020-09-01 00:05:43.769 INFO  DbConfig.config:31 - 添加主数据源完成
2020-09-01 00:05:43.769 INFO  DbConfig.config:31 - 添加主数据源完成
2020-09-01 00:05:43.808 INFO  undertow.start:117 - starting server: Undertow - 2.0.30.Final
2020-09-01 00:05:43.808 INFO  undertow.start:117 - starting server: Undertow - 2.0.30.Final
2020-09-01 00:05:48.917 INFO  ApiFormController.list:49 - kv : {tableName=om_log_ask_detail_202008}
2020-09-01 00:05:48.917 INFO  ApiFormController.list:49 - kv : {tableName=om_log_ask_detail_202008}
2020-09-01 00:16:28.465 INFO  Application.main:33 - create server
2020-09-01 00:16:28.465 INFO  Application.main:33 - create server
2020-09-01 00:16:28.502 INFO  Application.main:37 - start server
2020-09-01 00:16:28.502 INFO  Application.main:37 - start server
2020-09-01 00:16:28.851 INFO  DbConfig.config:31 - 添加主数据源完成
2020-09-01 00:16:28.851 INFO  DbConfig.config:31 - 添加主数据源完成
2020-09-01 00:16:29.297 INFO  undertow.start:117 - starting server: Undertow - 2.0.30.Final
2020-09-01 00:16:29.297 INFO  undertow.start:117 - starting server: Undertow - 2.0.30.Final
2020-09-01 00:16:29.317 INFO  xnio.<clinit>:104 - XNIO version 3.3.8.Final
2020-09-01 00:16:29.317 INFO  xnio.<clinit>:104 - XNIO version 3.3.8.Final
2020-09-01 00:16:29.335 INFO  nio.<clinit>:55 - XNIO NIO Implementation Version 3.3.8.Final
2020-09-01 00:16:29.335 INFO  nio.<clinit>:55 - XNIO NIO Implementation Version 3.3.8.Final
2020-09-01 00:17:18.791 INFO  Application.main:33 - create server
2020-09-01 00:17:18.791 INFO  Application.main:33 - create server
2020-09-01 00:17:18.827 INFO  Application.main:37 - start server
2020-09-01 00:17:18.827 INFO  Application.main:37 - start server
2020-09-01 00:17:19.086 INFO  DbConfig.config:31 - 添加主数据源完成
2020-09-01 00:17:19.086 INFO  DbConfig.config:31 - 添加主数据源完成
2020-09-01 00:17:19.394 INFO  undertow.start:117 - starting server: Undertow - 2.0.30.Final
2020-09-01 00:17:19.394 INFO  undertow.start:117 - starting server: Undertow - 2.0.30.Final
2020-09-01 00:17:19.410 INFO  xnio.<clinit>:104 - XNIO version 3.3.8.Final
2020-09-01 00:17:19.410 INFO  xnio.<clinit>:104 - XNIO version 3.3.8.Final
2020-09-01 00:17:19.425 INFO  nio.<clinit>:55 - XNIO NIO Implementation Version 3.3.8.Final
2020-09-01 00:17:19.425 INFO  nio.<clinit>:55 - XNIO NIO Implementation Version 3.3.8.Final
2020-09-01 00:17:44.572 INFO  ApiFormController.list:49 - kv : {tableName=om_log_ask_detail_202008}
2020-09-01 00:17:44.572 INFO  ApiFormController.list:49 - kv : {tableName=om_log_ask_detail_202008}
2020-09-01 00:20:10.626 INFO  ApiFormController.list:49 - kv : {pageNo=1, pageSize=10, tableName=om_log_ask_detail_202008}
2020-09-01 00:20:10.626 INFO  ApiFormController.list:49 - kv : {pageNo=1, pageSize=10, tableName=om_log_ask_detail_202008}
2020-09-01 00:21:16.570 INFO  ApiFormController.list:49 - kv : {pageNo=1, orderBy=VISIT_TIME, pageSize=10, isAsc=false, tableName=om_log_ask_detail_202008}
2020-09-01 00:21:16.570 INFO  ApiFormController.list:49 - kv : {pageNo=1, orderBy=VISIT_TIME, pageSize=10, isAsc=false, tableName=om_log_ask_detail_202008}
2020-09-01 00:24:20.465 INFO  ApiFormController.list:49 - kv : {start.VISIT_TIME=2020-08-20 00:00:00, pageNo=1, orderBy=VISIT_TIME, pageSize=10, isAsc=false, end.VISIT_TIME=2020-08-31 23:59:59, tableName=om_log_ask_detail_202008}
2020-09-01 00:24:20.465 INFO  ApiFormController.list:49 - kv : {start.VISIT_TIME=2020-08-20 00:00:00, pageNo=1, orderBy=VISIT_TIME, pageSize=10, isAsc=false, end.VISIT_TIME=2020-08-31 23:59:59, tableName=om_log_ask_detail_202008}
2020-09-01 00:24:48.536 INFO  ApiFormController.list:49 - kv : {start.VISIT_TIME=2020-08-20 00:00:00, pageNo=1, orderBy=VISIT_TIME, pageSize=10, isAsc=false, end.VISIT_TIME=2020-08-31 23:59:59, tableName=om_log_ask_detail_202008}
2020-09-01 00:24:48.536 INFO  ApiFormController.list:49 - kv : {start.VISIT_TIME=2020-08-20 00:00:00, pageNo=1, orderBy=VISIT_TIME, pageSize=10, isAsc=false, end.VISIT_TIME=2020-08-31 23:59:59, tableName=om_log_ask_detail_202008}
2020-09-01 00:28:27.703 INFO  undertow.stop:252 - stopping server: Undertow - 2.0.30.Final
2020-09-01 00:28:27.703 INFO  undertow.stop:252 - stopping server: Undertow - 2.0.30.Final
2020-09-01 00:28:27.780 INFO  DbConfig.config:31 - 添加主数据源完成
2020-09-01 00:28:27.780 INFO  DbConfig.config:31 - 添加主数据源完成
2020-09-01 00:28:27.814 INFO  undertow.start:117 - starting server: Undertow - 2.0.30.Final
2020-09-01 00:28:27.814 INFO  undertow.start:117 - starting server: Undertow - 2.0.30.Final
2020-09-01 00:28:32.038 INFO  ApiFormController.list:49 - kv : {start.VISIT_TIME=2020-08-20 00:00:00, pageNo=1, orderBy=VISIT_TIME, pageSize=10, isAsc=false, end.VISIT_TIME=2020-08-31 23:59:59, tableName=om_log_ask_detail_202008}
2020-09-01 00:28:32.038 INFO  ApiFormController.list:49 - kv : {start.VISIT_TIME=2020-08-20 00:00:00, pageNo=1, orderBy=VISIT_TIME, pageSize=10, isAsc=false, end.VISIT_TIME=2020-08-31 23:59:59, tableName=om_log_ask_detail_202008}
2020-09-01 00:29:00.760 INFO  Application.main:33 - create server
2020-09-01 00:29:00.760 INFO  Application.main:33 - create server
2020-09-01 00:29:00.803 INFO  Application.main:37 - start server
2020-09-01 00:29:00.803 INFO  Application.main:37 - start server
2020-09-01 00:29:01.194 INFO  DbConfig.config:31 - 添加主数据源完成
2020-09-01 00:29:01.194 INFO  DbConfig.config:31 - 添加主数据源完成
2020-09-01 00:29:01.600 INFO  undertow.start:117 - starting server: Undertow - 2.0.30.Final
2020-09-01 00:29:01.600 INFO  undertow.start:117 - starting server: Undertow - 2.0.30.Final
2020-09-01 00:29:01.622 INFO  xnio.<clinit>:104 - XNIO version 3.3.8.Final
2020-09-01 00:29:01.622 INFO  xnio.<clinit>:104 - XNIO version 3.3.8.Final
2020-09-01 00:29:01.648 INFO  nio.<clinit>:55 - XNIO NIO Implementation Version 3.3.8.Final
2020-09-01 00:29:01.648 INFO  nio.<clinit>:55 - XNIO NIO Implementation Version 3.3.8.Final
2020-09-01 00:29:14.738 INFO  ApiFormController.list:49 - kv : {start.VISIT_TIME=2020-08-20 00:00:00, pageNo=1, orderBy=VISIT_TIME, pageSize=10, isAsc=false, end.VISIT_TIME=2020-08-31 23:59:59, tableName=om_log_ask_detail_202008}
2020-09-01 00:29:14.738 INFO  ApiFormController.list:49 - kv : {start.VISIT_TIME=2020-08-20 00:00:00, pageNo=1, orderBy=VISIT_TIME, pageSize=10, isAsc=false, end.VISIT_TIME=2020-08-31 23:59:59, tableName=om_log_ask_detail_202008}
2020-09-01 00:29:34.083 INFO  ApiFormController.list:49 - kv : {start.VISIT_TIME=2020-08-20 00:00:00, pageNo=1, orderBy=VISIT_TIME, pageSize=10, isAsc=false, end.VISIT_TIME=2020-08-31 23:59:59, tableName=om_log_ask_detail_202008}
2020-09-01 00:29:34.083 INFO  ApiFormController.list:49 - kv : {start.VISIT_TIME=2020-08-20 00:00:00, pageNo=1, orderBy=VISIT_TIME, pageSize=10, isAsc=false, end.VISIT_TIME=2020-08-31 23:59:59, tableName=om_log_ask_detail_202008}
2020-09-01 00:30:26.979 INFO  Application.main:33 - create server
2020-09-01 00:30:26.979 INFO  Application.main:33 - create server
2020-09-01 00:30:27.009 INFO  Application.main:37 - start server
2020-09-01 00:30:27.009 INFO  Application.main:37 - start server
2020-09-01 00:30:27.244 INFO  DbConfig.config:31 - 添加主数据源完成
2020-09-01 00:30:27.244 INFO  DbConfig.config:31 - 添加主数据源完成
2020-09-01 00:30:27.532 INFO  undertow.start:117 - starting server: Undertow - 2.0.30.Final
2020-09-01 00:30:27.532 INFO  undertow.start:117 - starting server: Undertow - 2.0.30.Final
2020-09-01 00:30:27.544 INFO  xnio.<clinit>:104 - XNIO version 3.3.8.Final
2020-09-01 00:30:27.544 INFO  xnio.<clinit>:104 - XNIO version 3.3.8.Final
2020-09-01 00:30:27.557 INFO  nio.<clinit>:55 - XNIO NIO Implementation Version 3.3.8.Final
2020-09-01 00:30:27.557 INFO  nio.<clinit>:55 - XNIO NIO Implementation Version 3.3.8.Final
2020-09-01 00:30:34.216 INFO  ApiFormController.list:49 - kv : {start.VISIT_TIME=2020-08-20 00:00:00, pageNo=1, orderBy=VISIT_TIME, pageSize=10, isAsc=false, end.VISIT_TIME=2020-08-31 23:59:59, tableName=om_log_ask_detail_202008}
2020-09-01 00:30:34.216 INFO  ApiFormController.list:49 - kv : {start.VISIT_TIME=2020-08-20 00:00:00, pageNo=1, orderBy=VISIT_TIME, pageSize=10, isAsc=false, end.VISIT_TIME=2020-08-31 23:59:59, tableName=om_log_ask_detail_202008}
2020-09-01 00:30:54.421 INFO  ApiFormController.list:49 - kv : {start.VISIT_TIME=2020-08-20 00:00:00, pageNo=1, orderBy=VISIT_TIME, pageSize=10, isAsc=false, end.VISIT_TIME=2020-08-31 23:59:59, tableName=om_log_ask_detail_202008}
2020-09-01 00:30:54.421 INFO  ApiFormController.list:49 - kv : {start.VISIT_TIME=2020-08-20 00:00:00, pageNo=1, orderBy=VISIT_TIME, pageSize=10, isAsc=false, end.VISIT_TIME=2020-08-31 23:59:59, tableName=om_log_ask_detail_202008}
2020-09-01 00:31:13.174 INFO  ApiFormController.list:49 - kv : {start.VISIT_TIME=2020-07-20 00:00:00, pageNo=1, orderBy=VISIT_TIME, pageSize=10, isAsc=false, end.VISIT_TIME=2020-08-31 23:59:59, tableName=om_log_ask_detail_202008}
2020-09-01 00:31:13.174 INFO  ApiFormController.list:49 - kv : {start.VISIT_TIME=2020-07-20 00:00:00, pageNo=1, orderBy=VISIT_TIME, pageSize=10, isAsc=false, end.VISIT_TIME=2020-08-31 23:59:59, tableName=om_log_ask_detail_202008}
2020-09-01 00:33:32.428 INFO  undertow.stop:252 - stopping server: Undertow - 2.0.30.Final
2020-09-01 00:33:32.428 INFO  undertow.stop:252 - stopping server: Undertow - 2.0.30.Final
2020-09-01 00:33:32.523 INFO  DbConfig.config:31 - 添加主数据源完成
2020-09-01 00:33:32.523 INFO  DbConfig.config:31 - 添加主数据源完成
2020-09-01 00:33:32.563 INFO  undertow.start:117 - starting server: Undertow - 2.0.30.Final
2020-09-01 00:33:32.563 INFO  undertow.start:117 - starting server: Undertow - 2.0.30.Final
2020-09-01 00:35:41.531 INFO  undertow.stop:252 - stopping server: Undertow - 2.0.30.Final
2020-09-01 00:35:41.531 INFO  undertow.stop:252 - stopping server: Undertow - 2.0.30.Final
2020-09-01 00:35:41.640 INFO  DbConfig.config:31 - 添加主数据源完成
2020-09-01 00:35:41.640 INFO  DbConfig.config:31 - 添加主数据源完成
2020-09-01 00:35:41.675 INFO  undertow.start:117 - starting server: Undertow - 2.0.30.Final
2020-09-01 00:35:41.675 INFO  undertow.start:117 - starting server: Undertow - 2.0.30.Final
2020-09-01 00:35:51.834 INFO  undertow.stop:252 - stopping server: Undertow - 2.0.30.Final
2020-09-01 00:35:51.834 INFO  undertow.stop:252 - stopping server: Undertow - 2.0.30.Final
2020-09-01 00:35:51.919 INFO  DbConfig.config:31 - 添加主数据源完成
2020-09-01 00:35:51.919 INFO  DbConfig.config:31 - 添加主数据源完成
2020-09-01 00:35:51.954 INFO  undertow.start:117 - starting server: Undertow - 2.0.30.Final
2020-09-01 00:35:51.954 INFO  undertow.start:117 - starting server: Undertow - 2.0.30.Final
2020-09-01 00:35:57.469 INFO  ApiFormController.list:49 - kv : {start.VISIT_TIME=2020-07-20 00:00:00, pageNo=1, orderBy=VISIT_TIME, pageSize=10, isAsc=false, end.VISIT_TIME=2020-08-31 23:59:59, tableName=om_log_ask_detail_202008}
2020-09-01 00:35:57.469 INFO  ApiFormController.list:49 - kv : {start.VISIT_TIME=2020-07-20 00:00:00, pageNo=1, orderBy=VISIT_TIME, pageSize=10, isAsc=false, end.VISIT_TIME=2020-08-31 23:59:59, tableName=om_log_ask_detail_202008}
2020-09-01 00:39:46.927 INFO  ApiFormController.list:49 - kv : {start.VISIT_TIME=2020-07-20 00:00:00, pageNo=1, orderBy=VISIT_TIME, pageSize=10, isAsc=false, end.VISIT_TIME=2020-08-31 23:59:59, tableName=om_log_ask_detail_202008}
2020-09-01 00:39:46.927 INFO  ApiFormController.list:49 - kv : {start.VISIT_TIME=2020-07-20 00:00:00, pageNo=1, orderBy=VISIT_TIME, pageSize=10, isAsc=false, end.VISIT_TIME=2020-08-31 23:59:59, tableName=om_log_ask_detail_202008}
2020-09-01 00:39:56.111 INFO  ApiFormController.list:49 - kv : {start.VISIT_TIME=2020-07-20 00:00:00, pageNo=1, orderBy=VISIT_TIME, pageSize=10, start.PROCESS_COST=7, isAsc=false, end.VISIT_TIME=2020-08-31 23:59:59, tableName=om_log_ask_detail_202008}
2020-09-01 00:39:56.111 INFO  ApiFormController.list:49 - kv : {start.VISIT_TIME=2020-07-20 00:00:00, pageNo=1, orderBy=VISIT_TIME, pageSize=10, start.PROCESS_COST=7, isAsc=false, end.VISIT_TIME=2020-08-31 23:59:59, tableName=om_log_ask_detail_202008}
2020-09-01 00:43:00.500 INFO  ApiFormController.list:49 - kv : {start.VISIT_TIME=2020-07-20 00:00:00, QUESTION_TYPE=8, pageNo=1, orderBy=VISIT_TIME, pageSize=10, start.PROCESS_COST=7, isAsc=false, end.VISIT_TIME=2020-08-31 23:59:59, tableName=om_log_ask_detail_202008}
2020-09-01 00:43:00.500 INFO  ApiFormController.list:49 - kv : {start.VISIT_TIME=2020-07-20 00:00:00, QUESTION_TYPE=8, pageNo=1, orderBy=VISIT_TIME, pageSize=10, start.PROCESS_COST=7, isAsc=false, end.VISIT_TIME=2020-08-31 23:59:59, tableName=om_log_ask_detail_202008}
2020-09-01 00:49:37.286 INFO  undertow.stop:252 - stopping server: Undertow - 2.0.30.Final
2020-09-01 00:49:37.286 INFO  undertow.stop:252 - stopping server: Undertow - 2.0.30.Final
2020-09-01 00:49:37.358 INFO  DbConfig.config:31 - 添加主数据源完成
2020-09-01 00:49:37.358 INFO  DbConfig.config:31 - 添加主数据源完成
2020-09-01 00:49:37.389 INFO  undertow.start:117 - starting server: Undertow - 2.0.30.Final
2020-09-01 00:49:37.389 INFO  undertow.start:117 - starting server: Undertow - 2.0.30.Final
2020-09-01 00:50:28.025 INFO  ApiFormController.list:49 - kv : {like.QUESTION=失业, pageNo=1, orderBy=VISIT_TIME, pageSize=10, isAsc=false, tableName=om_log_ask_detail_202008}
2020-09-01 00:50:28.025 INFO  ApiFormController.list:49 - kv : {like.QUESTION=失业, pageNo=1, orderBy=VISIT_TIME, pageSize=10, isAsc=false, tableName=om_log_ask_detail_202008}
2020-09-01 00:51:53.879 INFO  undertow.stop:252 - stopping server: Undertow - 2.0.30.Final
2020-09-01 00:51:53.879 INFO  undertow.stop:252 - stopping server: Undertow - 2.0.30.Final
2020-09-01 00:51:53.945 INFO  DbConfig.config:31 - 添加主数据源完成
2020-09-01 00:51:53.945 INFO  DbConfig.config:31 - 添加主数据源完成
2020-09-01 00:51:53.979 INFO  undertow.start:117 - starting server: Undertow - 2.0.30.Final
2020-09-01 00:51:53.979 INFO  undertow.start:117 - starting server: Undertow - 2.0.30.Final
2020-09-01 00:52:00.407 INFO  ApiFormController.list:49 - kv : {like.QUESTION=失业, pageNo=1, orderBy=VISIT_TIME, pageSize=10, isAsc=false, tableName=om_log_ask_detail_202008}
2020-09-01 00:52:00.407 INFO  ApiFormController.list:49 - kv : {like.QUESTION=失业, pageNo=1, orderBy=VISIT_TIME, pageSize=10, isAsc=false, tableName=om_log_ask_detail_202008}
2020-09-01 00:52:24.347 INFO  ApiFormController.list:49 - kv : {like.QUESTION=失业补助金, pageNo=1, orderBy=VISIT_TIME, pageSize=10, isAsc=false, tableName=om_log_ask_detail_202008}
2020-09-01 00:52:24.347 INFO  ApiFormController.list:49 - kv : {like.QUESTION=失业补助金, pageNo=1, orderBy=VISIT_TIME, pageSize=10, isAsc=false, tableName=om_log_ask_detail_202008}
2020-09-01 01:10:49.876 INFO  Application.main:33 - create server
2020-09-01 01:10:49.876 INFO  Application.main:33 - create server
2020-09-01 01:10:49.906 INFO  Application.main:37 - start server
2020-09-01 01:10:49.906 INFO  Application.main:37 - start server
2020-09-01 01:10:50.151 INFO  DbConfig.config:31 - 添加主数据源完成
2020-09-01 01:10:50.151 INFO  DbConfig.config:31 - 添加主数据源完成
2020-09-01 01:10:50.437 INFO  undertow.start:117 - starting server: Undertow - 2.0.30.Final
2020-09-01 01:10:50.437 INFO  undertow.start:117 - starting server: Undertow - 2.0.30.Final
2020-09-01 01:10:50.450 INFO  xnio.<clinit>:104 - XNIO version 3.3.8.Final
2020-09-01 01:10:50.450 INFO  xnio.<clinit>:104 - XNIO version 3.3.8.Final
2020-09-01 01:10:50.463 INFO  nio.<clinit>:55 - XNIO NIO Implementation Version 3.3.8.Final
2020-09-01 01:10:50.463 INFO  nio.<clinit>:55 - XNIO NIO Implementation Version 3.3.8.Final
2020-09-01 01:10:58.614 INFO  ApiFormController.list:50 - kv : {like.QUESTION=失业补助金, columns=QUESTION,ANSWER, pageNo=1, orderBy=VISIT_TIME, pageSize=10, isAsc=false, tableName=om_log_ask_detail_202008}
2020-09-01 01:10:58.614 INFO  ApiFormController.list:50 - kv : {like.QUESTION=失业补助金, columns=QUESTION,ANSWER, pageNo=1, orderBy=VISIT_TIME, pageSize=10, isAsc=false, tableName=om_log_ask_detail_202008}
2020-09-01 01:12:07.228 INFO  undertow.stop:252 - stopping server: Undertow - 2.0.30.Final
2020-09-01 01:12:07.228 INFO  undertow.stop:252 - stopping server: Undertow - 2.0.30.Final
2020-09-01 01:12:07.311 INFO  DbConfig.config:31 - 添加主数据源完成
2020-09-01 01:12:07.311 INFO  DbConfig.config:31 - 添加主数据源完成
2020-09-01 01:12:07.348 INFO  undertow.start:117 - starting server: Undertow - 2.0.30.Final
2020-09-01 01:12:07.348 INFO  undertow.start:117 - starting server: Undertow - 2.0.30.Final
2020-09-01 01:12:16.911 INFO  Application.main:33 - create server
2020-09-01 01:12:16.911 INFO  Application.main:33 - create server
2020-09-01 01:12:16.966 INFO  Application.main:37 - start server
2020-09-01 01:12:16.966 INFO  Application.main:37 - start server
2020-09-01 01:12:17.374 INFO  DbConfig.config:31 - 添加主数据源完成
2020-09-01 01:12:17.374 INFO  DbConfig.config:31 - 添加主数据源完成
2020-09-01 01:12:17.813 INFO  undertow.start:117 - starting server: Undertow - 2.0.30.Final
2020-09-01 01:12:17.813 INFO  undertow.start:117 - starting server: Undertow - 2.0.30.Final
2020-09-01 01:12:17.833 INFO  xnio.<clinit>:104 - XNIO version 3.3.8.Final
2020-09-01 01:12:17.833 INFO  xnio.<clinit>:104 - XNIO version 3.3.8.Final
2020-09-01 01:12:17.863 INFO  nio.<clinit>:55 - XNIO NIO Implementation Version 3.3.8.Final
2020-09-01 01:12:17.863 INFO  nio.<clinit>:55 - XNIO NIO Implementation Version 3.3.8.Final
2020-09-01 01:12:24.836 INFO  ApiFormController.list:50 - kv : {like.QUESTION=失业补助金, columns=QUESTION,ANSWER, pageNo=1, orderBy=VISIT_TIME, pageSize=10, isAsc=false, tableName=om_log_ask_detail_202008}
2020-09-01 01:12:24.836 INFO  ApiFormController.list:50 - kv : {like.QUESTION=失业补助金, columns=QUESTION,ANSWER, pageNo=1, orderBy=VISIT_TIME, pageSize=10, isAsc=false, tableName=om_log_ask_detail_202008}
2020-09-01 01:14:42.728 INFO  Application.main:33 - create server
2020-09-01 01:14:42.728 INFO  Application.main:33 - create server
2020-09-01 01:14:42.770 INFO  Application.main:37 - start server
2020-09-01 01:14:42.770 INFO  Application.main:37 - start server
2020-09-01 01:14:43.174 INFO  DbConfig.config:31 - 添加主数据源完成
2020-09-01 01:14:43.174 INFO  DbConfig.config:31 - 添加主数据源完成
2020-09-01 01:14:43.609 INFO  undertow.start:117 - starting server: Undertow - 2.0.30.Final
2020-09-01 01:14:43.609 INFO  undertow.start:117 - starting server: Undertow - 2.0.30.Final
2020-09-01 01:14:43.629 INFO  xnio.<clinit>:104 - XNIO version 3.3.8.Final
2020-09-01 01:14:43.629 INFO  xnio.<clinit>:104 - XNIO version 3.3.8.Final
2020-09-01 01:14:43.653 INFO  nio.<clinit>:55 - XNIO NIO Implementation Version 3.3.8.Final
2020-09-01 01:14:43.653 INFO  nio.<clinit>:55 - XNIO NIO Implementation Version 3.3.8.Final
2020-09-01 01:14:49.725 INFO  ApiFormController.list:49 - kv : {like.QUESTION=失业补助金, columns=QUESTION,ANSWER, pageNo=1, orderBy=VISIT_TIME, pageSize=10, isAsc=false, tableName=om_log_ask_detail_202008}
2020-09-01 01:14:49.725 INFO  ApiFormController.list:49 - kv : {like.QUESTION=失业补助金, columns=QUESTION,ANSWER, pageNo=1, orderBy=VISIT_TIME, pageSize=10, isAsc=false, tableName=om_log_ask_detail_202008}
2020-09-01 01:15:25.508 INFO  undertow.stop:252 - stopping server: Undertow - 2.0.30.Final
2020-09-01 01:15:25.508 INFO  undertow.stop:252 - stopping server: Undertow - 2.0.30.Final
2020-09-01 01:15:25.616 INFO  DbConfig.config:31 - 添加主数据源完成
2020-09-01 01:15:25.616 INFO  DbConfig.config:31 - 添加主数据源完成
2020-09-01 01:15:25.697 INFO  undertow.start:117 - starting server: Undertow - 2.0.30.Final
2020-09-01 01:15:25.697 INFO  undertow.start:117 - starting server: Undertow - 2.0.30.Final
2020-09-01 01:15:28.900 INFO  ApiFormController.list:49 - kv : {like.QUESTION=失业补助金, columns=QUESTION,ANSWER, pageNo=1, orderBy=VISIT_TIME, pageSize=10, isAsc=false, tableName=om_log_ask_detail_202008}
2020-09-01 01:15:28.900 INFO  ApiFormController.list:49 - kv : {like.QUESTION=失业补助金, columns=QUESTION,ANSWER, pageNo=1, orderBy=VISIT_TIME, pageSize=10, isAsc=false, tableName=om_log_ask_detail_202008}
2020-09-01 09:20:06.152 INFO  Application.main:33 - create server
2020-09-01 09:20:06.152 INFO  Application.main:33 - create server
2020-09-01 09:20:06.185 INFO  Application.main:37 - start server
2020-09-01 09:20:06.185 INFO  Application.main:37 - start server
2020-09-01 09:20:06.419 INFO  DbConfig.config:31 - 添加主数据源完成
2020-09-01 09:20:06.419 INFO  DbConfig.config:31 - 添加主数据源完成
2020-09-01 09:20:06.724 INFO  undertow.start:117 - starting server: Undertow - 2.0.30.Final
2020-09-01 09:20:06.724 INFO  undertow.start:117 - starting server: Undertow - 2.0.30.Final
2020-09-01 09:20:06.737 INFO  xnio.<clinit>:104 - XNIO version 3.3.8.Final
2020-09-01 09:20:06.737 INFO  xnio.<clinit>:104 - XNIO version 3.3.8.Final
2020-09-01 09:20:06.754 INFO  nio.<clinit>:55 - XNIO NIO Implementation Version 3.3.8.Final
2020-09-01 09:20:06.754 INFO  nio.<clinit>:55 - XNIO NIO Implementation Version 3.3.8.Final
2020-09-01 09:21:30.427 INFO  ApiFormController.list:49 - kv : {like.QUESTION=失业补助金, columns=QUESTION,ANSWER, pageNo=1, orderBy=VISIT_TIME, pageSize=10, isAsc=false, tableName=om_log_ask_detail_202008}
2020-09-01 09:21:30.427 INFO  ApiFormController.list:49 - kv : {like.QUESTION=失业补助金, columns=QUESTION,ANSWER, pageNo=1, orderBy=VISIT_TIME, pageSize=10, isAsc=false, tableName=om_log_ask_detail_202008}
2020-09-01 09:21:39.121 INFO  ApiFormController.list:49 - kv : {like.QUESTION=失业补助金, pageNo=1, orderBy=VISIT_TIME, pageSize=10, isAsc=false, tableName=om_log_ask_detail_202008}
2020-09-01 09:21:39.121 INFO  ApiFormController.list:49 - kv : {like.QUESTION=失业补助金, pageNo=1, orderBy=VISIT_TIME, pageSize=10, isAsc=false, tableName=om_log_ask_detail_202008}
2020-09-01 09:25:21.405 INFO  ApiFormController.getById:74 - kv : {id=001598884722000998170242ac110006, tableName=null}
2020-09-01 09:25:21.405 INFO  ApiFormController.getById:74 - kv : {id=001598884722000998170242ac110006, tableName=null}
2020-09-01 09:27:01.191 INFO  Application.main:33 - create server
2020-09-01 09:27:01.191 INFO  Application.main:33 - create server
2020-09-01 09:27:01.235 INFO  Application.main:37 - start server
2020-09-01 09:27:01.235 INFO  Application.main:37 - start server
2020-09-01 09:27:01.624 INFO  DbConfig.config:31 - 添加主数据源完成
2020-09-01 09:27:01.624 INFO  DbConfig.config:31 - 添加主数据源完成
2020-09-01 09:27:02.069 INFO  undertow.start:117 - starting server: Undertow - 2.0.30.Final
2020-09-01 09:27:02.069 INFO  undertow.start:117 - starting server: Undertow - 2.0.30.Final
2020-09-01 09:27:02.089 INFO  xnio.<clinit>:104 - XNIO version 3.3.8.Final
2020-09-01 09:27:02.089 INFO  xnio.<clinit>:104 - XNIO version 3.3.8.Final
2020-09-01 09:27:02.113 INFO  nio.<clinit>:55 - XNIO NIO Implementation Version 3.3.8.Final
2020-09-01 09:27:02.113 INFO  nio.<clinit>:55 - XNIO NIO Implementation Version 3.3.8.Final
2020-09-01 09:27:07.786 INFO  ApiFormController.getById:74 - kv : {id=001598884722000998170242ac110006, tableName=null}
2020-09-01 09:27:07.786 INFO  ApiFormController.getById:74 - kv : {id=001598884722000998170242ac110006, tableName=null}
2020-09-01 09:34:44.144 INFO  Application.main:33 - create server
2020-09-01 09:34:44.144 INFO  Application.main:33 - create server
2020-09-01 09:34:44.175 INFO  Application.main:37 - start server
2020-09-01 09:34:44.175 INFO  Application.main:37 - start server
2020-09-01 09:34:44.423 INFO  DbConfig.config:31 - 添加主数据源完成
2020-09-01 09:34:44.423 INFO  DbConfig.config:31 - 添加主数据源完成
2020-09-01 09:34:44.718 INFO  undertow.start:117 - starting server: Undertow - 2.0.30.Final
2020-09-01 09:34:44.718 INFO  undertow.start:117 - starting server: Undertow - 2.0.30.Final
2020-09-01 09:34:44.730 INFO  xnio.<clinit>:104 - XNIO version 3.3.8.Final
2020-09-01 09:34:44.730 INFO  xnio.<clinit>:104 - XNIO version 3.3.8.Final
2020-09-01 09:34:44.746 INFO  nio.<clinit>:55 - XNIO NIO Implementation Version 3.3.8.Final
2020-09-01 09:34:44.746 INFO  nio.<clinit>:55 - XNIO NIO Implementation Version 3.3.8.Final
2020-09-01 09:38:09.648 INFO  undertow.stop:252 - stopping server: Undertow - 2.0.30.Final
2020-09-01 09:38:09.648 INFO  undertow.stop:252 - stopping server: Undertow - 2.0.30.Final
2020-09-01 09:38:09.723 INFO  DbConfig.config:31 - 添加主数据源完成
2020-09-01 09:38:09.723 INFO  DbConfig.config:31 - 添加主数据源完成
2020-09-01 09:38:09.765 INFO  undertow.start:117 - starting server: Undertow - 2.0.30.Final
2020-09-01 09:38:09.765 INFO  undertow.start:117 - starting server: Undertow - 2.0.30.Final
2020-09-01 09:41:20.853 INFO  ApiFormController.getById:77 - kv : {id=001598884722000998170242ac110006, tableName=om_log_ask_detail_202008}
2020-09-01 09:41:20.853 INFO  ApiFormController.getById:77 - kv : {id=001598884722000998170242ac110006, tableName=om_log_ask_detail_202008}
2020-09-01 09:43:52.485 INFO  undertow.stop:252 - stopping server: Undertow - 2.0.30.Final
2020-09-01 09:43:52.485 INFO  undertow.stop:252 - stopping server: Undertow - 2.0.30.Final
2020-09-01 09:43:52.615 INFO  DbConfig.config:31 - 添加主数据源完成
2020-09-01 09:43:52.615 INFO  DbConfig.config:31 - 添加主数据源完成
2020-09-01 09:43:52.665 INFO  undertow.start:117 - starting server: Undertow - 2.0.30.Final
2020-09-01 09:43:52.665 INFO  undertow.start:117 - starting server: Undertow - 2.0.30.Final
2020-09-01 09:45:38.057 INFO  undertow.stop:252 - stopping server: Undertow - 2.0.30.Final
2020-09-01 09:45:38.057 INFO  undertow.stop:252 - stopping server: Undertow - 2.0.30.Final
2020-09-01 09:45:38.177 INFO  DbConfig.config:31 - 添加主数据源完成
2020-09-01 09:45:38.177 INFO  DbConfig.config:31 - 添加主数据源完成
2020-09-01 09:45:38.218 INFO  undertow.start:117 - starting server: Undertow - 2.0.30.Final
2020-09-01 09:45:38.218 INFO  undertow.start:117 - starting server: Undertow - 2.0.30.Final
2020-09-01 09:45:42.891 INFO  ApiFormController.getById:77 - kv : {id=001598884722000998170242ac110006, tableName=om_log_ask_detail_202008}
2020-09-01 09:45:42.891 INFO  ApiFormController.getById:77 - kv : {id=001598884722000998170242ac110006, tableName=om_log_ask_detail_202008}
2020-09-01 09:47:35.440 INFO  ApiFormController.removeById:103 - kv : {id=001598884722000998170242ac110006, tableName=om_log_ask_detail_202008}
2020-09-01 09:47:35.440 INFO  ApiFormController.removeById:103 - kv : {id=001598884722000998170242ac110006, tableName=om_log_ask_detail_202008}
2020-09-01 09:50:31.873 INFO  undertow.stop:252 - stopping server: Undertow - 2.0.30.Final
2020-09-01 09:50:31.873 INFO  undertow.stop:252 - stopping server: Undertow - 2.0.30.Final
2020-09-01 09:50:31.957 INFO  DbConfig.config:31 - 添加主数据源完成
2020-09-01 09:50:31.957 INFO  DbConfig.config:31 - 添加主数据源完成
2020-09-01 09:50:32.001 INFO  undertow.start:117 - starting server: Undertow - 2.0.30.Final
2020-09-01 09:50:32.001 INFO  undertow.start:117 - starting server: Undertow - 2.0.30.Final
2020-09-01 09:51:04.069 INFO  undertow.stop:252 - stopping server: Undertow - 2.0.30.Final
2020-09-01 09:51:04.069 INFO  undertow.stop:252 - stopping server: Undertow - 2.0.30.Final
2020-09-01 09:51:04.163 INFO  DbConfig.config:31 - 添加主数据源完成
2020-09-01 09:51:04.163 INFO  DbConfig.config:31 - 添加主数据源完成
2020-09-01 09:51:04.220 INFO  undertow.start:117 - starting server: Undertow - 2.0.30.Final
2020-09-01 09:51:04.220 INFO  undertow.start:117 - starting server: Undertow - 2.0.30.Final
2020-09-01 09:51:28.172 INFO  undertow.stop:252 - stopping server: Undertow - 2.0.30.Final
2020-09-01 09:51:28.172 INFO  undertow.stop:252 - stopping server: Undertow - 2.0.30.Final
2020-09-01 09:51:28.240 INFO  DbConfig.config:31 - 添加主数据源完成
2020-09-01 09:51:28.240 INFO  DbConfig.config:31 - 添加主数据源完成
2020-09-01 09:51:28.273 INFO  undertow.start:117 - starting server: Undertow - 2.0.30.Final
2020-09-01 09:51:28.273 INFO  undertow.start:117 - starting server: Undertow - 2.0.30.Final
2020-09-01 09:53:43.630 INFO  undertow.stop:252 - stopping server: Undertow - 2.0.30.Final
2020-09-01 09:53:43.630 INFO  undertow.stop:252 - stopping server: Undertow - 2.0.30.Final
2020-09-01 09:53:43.717 INFO  DbConfig.config:31 - 添加主数据源完成
2020-09-01 09:53:43.717 INFO  DbConfig.config:31 - 添加主数据源完成
2020-09-01 09:53:43.751 INFO  undertow.start:117 - starting server: Undertow - 2.0.30.Final
2020-09-01 09:53:43.751 INFO  undertow.start:117 - starting server: Undertow - 2.0.30.Final
2020-09-01 09:53:54.317 INFO  undertow.stop:252 - stopping server: Undertow - 2.0.30.Final
2020-09-01 09:53:54.317 INFO  undertow.stop:252 - stopping server: Undertow - 2.0.30.Final
2020-09-01 09:53:54.382 INFO  DbConfig.config:31 - 添加主数据源完成
2020-09-01 09:53:54.382 INFO  DbConfig.config:31 - 添加主数据源完成
2020-09-01 09:53:54.419 INFO  undertow.start:117 - starting server: Undertow - 2.0.30.Final
2020-09-01 09:53:54.419 INFO  undertow.start:117 - starting server: Undertow - 2.0.30.Final
2020-09-01 09:54:07.241 INFO  undertow.stop:252 - stopping server: Undertow - 2.0.30.Final
2020-09-01 09:54:07.241 INFO  undertow.stop:252 - stopping server: Undertow - 2.0.30.Final
2020-09-01 09:54:07.315 INFO  DbConfig.config:31 - 添加主数据源完成
2020-09-01 09:54:07.315 INFO  DbConfig.config:31 - 添加主数据源完成
2020-09-01 09:54:07.352 INFO  undertow.start:117 - starting server: Undertow - 2.0.30.Final
2020-09-01 09:54:07.352 INFO  undertow.start:117 - starting server: Undertow - 2.0.30.Final
2020-09-01 09:54:12.579 INFO  undertow.stop:252 - stopping server: Undertow - 2.0.30.Final
2020-09-01 09:54:12.579 INFO  undertow.stop:252 - stopping server: Undertow - 2.0.30.Final
2020-09-01 09:54:12.665 INFO  DbConfig.config:31 - 添加主数据源完成
2020-09-01 09:54:12.665 INFO  DbConfig.config:31 - 添加主数据源完成
2020-09-01 09:54:12.698 INFO  undertow.start:117 - starting server: Undertow - 2.0.30.Final
2020-09-01 09:54:12.698 INFO  undertow.start:117 - starting server: Undertow - 2.0.30.Final
2020-09-01 09:55:01.317 INFO  undertow.stop:252 - stopping server: Undertow - 2.0.30.Final
2020-09-01 09:55:01.317 INFO  undertow.stop:252 - stopping server: Undertow - 2.0.30.Final
2020-09-01 09:55:01.387 INFO  DbConfig.config:31 - 添加主数据源完成
2020-09-01 09:55:01.387 INFO  DbConfig.config:31 - 添加主数据源完成
2020-09-01 09:55:01.419 INFO  undertow.start:117 - starting server: Undertow - 2.0.30.Final
2020-09-01 09:55:01.419 INFO  undertow.start:117 - starting server: Undertow - 2.0.30.Final
2020-09-01 09:57:26.174 INFO  undertow.stop:252 - stopping server: Undertow - 2.0.30.Final
2020-09-01 09:57:26.174 INFO  undertow.stop:252 - stopping server: Undertow - 2.0.30.Final
2020-09-01 09:57:26.257 INFO  DbConfig.config:31 - 添加主数据源完成
2020-09-01 09:57:26.257 INFO  DbConfig.config:31 - 添加主数据源完成
2020-09-01 09:57:26.290 INFO  undertow.start:117 - starting server: Undertow - 2.0.30.Final
2020-09-01 09:57:26.290 INFO  undertow.start:117 - starting server: Undertow - 2.0.30.Final
2020-09-01 10:01:08.944 INFO  undertow.stop:252 - stopping server: Undertow - 2.0.30.Final
2020-09-01 10:01:08.944 INFO  undertow.stop:252 - stopping server: Undertow - 2.0.30.Final
2020-09-01 10:01:09.021 INFO  DbConfig.config:31 - 添加主数据源完成
2020-09-01 10:01:09.021 INFO  DbConfig.config:31 - 添加主数据源完成
2020-09-01 10:01:09.060 INFO  undertow.start:117 - starting server: Undertow - 2.0.30.Final
2020-09-01 10:01:09.060 INFO  undertow.start:117 - starting server: Undertow - 2.0.30.Final
2020-09-01 10:01:23.413 INFO  ApiFormController.removeById:104 - kv : {id=001598884722000998170242ac110006, tableName=om_log_ask_detail_202008}
2020-09-01 10:01:23.413 INFO  ApiFormController.removeById:104 - kv : {id=001598884722000998170242ac110006, tableName=om_log_ask_detail_202008}
2020-09-01 10:02:10.091 INFO  ApiFormController.removeById:104 - kv : {id=001598884722000998170242ac110006, tableName=om_log_ask_detail_202008}
2020-09-01 10:02:10.091 INFO  ApiFormController.removeById:104 - kv : {id=001598884722000998170242ac110006, tableName=om_log_ask_detail_202008}
2020-09-01 10:02:18.479 INFO  Application.main:33 - create server
2020-09-01 10:02:18.479 INFO  Application.main:33 - create server
2020-09-01 10:02:18.520 INFO  Application.main:37 - start server
2020-09-01 10:02:18.520 INFO  Application.main:37 - start server
2020-09-01 10:02:18.922 INFO  DbConfig.config:31 - 添加主数据源完成
2020-09-01 10:02:18.922 INFO  DbConfig.config:31 - 添加主数据源完成
2020-09-01 10:02:19.385 INFO  undertow.start:117 - starting server: Undertow - 2.0.30.Final
2020-09-01 10:02:19.385 INFO  undertow.start:117 - starting server: Undertow - 2.0.30.Final
2020-09-01 10:02:19.401 INFO  xnio.<clinit>:104 - XNIO version 3.3.8.Final
2020-09-01 10:02:19.401 INFO  xnio.<clinit>:104 - XNIO version 3.3.8.Final
2020-09-01 10:02:19.420 INFO  nio.<clinit>:55 - XNIO NIO Implementation Version 3.3.8.Final
2020-09-01 10:02:19.420 INFO  nio.<clinit>:55 - XNIO NIO Implementation Version 3.3.8.Final
2020-09-01 10:02:32.286 INFO  ApiFormController.removeById:104 - kv : {id=001598884722000998170242ac110006, tableName=om_log_ask_detail_202008}
2020-09-01 10:02:32.286 INFO  ApiFormController.removeById:104 - kv : {id=001598884722000998170242ac110006, tableName=om_log_ask_detail_202008}
2020-09-01 10:03:49.045 INFO  Application.main:33 - create server
2020-09-01 10:03:49.045 INFO  Application.main:33 - create server
2020-09-01 10:03:49.092 INFO  Application.main:37 - start server
2020-09-01 10:03:49.092 INFO  Application.main:37 - start server
2020-09-01 10:03:49.613 INFO  DbConfig.config:31 - 添加主数据源完成
2020-09-01 10:03:49.613 INFO  DbConfig.config:31 - 添加主数据源完成
2020-09-01 10:03:50.221 INFO  undertow.start:117 - starting server: Undertow - 2.0.30.Final
2020-09-01 10:03:50.221 INFO  undertow.start:117 - starting server: Undertow - 2.0.30.Final
2020-09-01 10:03:50.247 INFO  xnio.<clinit>:104 - XNIO version 3.3.8.Final
2020-09-01 10:03:50.247 INFO  xnio.<clinit>:104 - XNIO version 3.3.8.Final
2020-09-01 10:03:50.285 INFO  nio.<clinit>:55 - XNIO NIO Implementation Version 3.3.8.Final
2020-09-01 10:03:50.285 INFO  nio.<clinit>:55 - XNIO NIO Implementation Version 3.3.8.Final
2020-09-01 10:04:01.648 INFO  ApiFormController.removeById:103 - kv : {id=001598884722000998170242ac110006, tableName=om_log_ask_detail_202008}
2020-09-01 10:04:01.648 INFO  ApiFormController.removeById:103 - kv : {id=001598884722000998170242ac110006, tableName=om_log_ask_detail_202008}
2020-09-01 10:04:59.917 INFO  undertow.stop:252 - stopping server: Undertow - 2.0.30.Final
2020-09-01 10:04:59.917 INFO  undertow.stop:252 - stopping server: Undertow - 2.0.30.Final
2020-09-01 10:05:00.039 INFO  DbConfig.config:31 - 添加主数据源完成
2020-09-01 10:05:00.039 INFO  DbConfig.config:31 - 添加主数据源完成
2020-09-01 10:05:00.132 INFO  undertow.start:117 - starting server: Undertow - 2.0.30.Final
2020-09-01 10:05:00.132 INFO  undertow.start:117 - starting server: Undertow - 2.0.30.Final
2020-09-01 10:05:06.279 INFO  ApiFormController.removeById:103 - kv : {id=001598884722000998170242ac110006, tableName=om_log_ask_detail_202008}
2020-09-01 10:05:06.279 INFO  ApiFormController.removeById:103 - kv : {id=001598884722000998170242ac110006, tableName=om_log_ask_detail_202008}
2020-09-01 10:06:10.311 INFO  undertow.stop:252 - stopping server: Undertow - 2.0.30.Final
2020-09-01 10:06:10.311 INFO  undertow.stop:252 - stopping server: Undertow - 2.0.30.Final
2020-09-01 10:06:10.426 INFO  DbConfig.config:31 - 添加主数据源完成
2020-09-01 10:06:10.426 INFO  DbConfig.config:31 - 添加主数据源完成
2020-09-01 10:06:10.530 INFO  undertow.start:117 - starting server: Undertow - 2.0.30.Final
2020-09-01 10:06:10.530 INFO  undertow.start:117 - starting server: Undertow - 2.0.30.Final
2020-09-01 10:06:14.421 INFO  ApiFormController.removeById:103 - kv : {id=001598884722000998170242ac110006, tableName=om_log_ask_detail_202008}
2020-09-01 10:06:14.421 INFO  ApiFormController.removeById:103 - kv : {id=001598884722000998170242ac110006, tableName=om_log_ask_detail_202008}
2020-09-01 10:06:18.651 INFO  DbService.addColumn:76 - execute sql:ALTER TABLE om_log_ask_detail_202008 ADD COLUMN `name` CHAR(1) NULL DEFAULT '0' comment '是否删除,1删除,0未删除';,return code:0
2020-09-01 10:06:18.651 INFO  DbService.addColumn:76 - execute sql:ALTER TABLE om_log_ask_detail_202008 ADD COLUMN `name` CHAR(1) NULL DEFAULT '0' comment '是否删除,1删除,0未删除';,return code:0
2020-09-01 10:06:47.934 INFO  undertow.stop:252 - stopping server: Undertow - 2.0.30.Final
2020-09-01 10:06:47.934 INFO  undertow.stop:252 - stopping server: Undertow - 2.0.30.Final
2020-09-01 10:06:48.024 INFO  DbConfig.config:31 - 添加主数据源完成
2020-09-01 10:06:48.024 INFO  DbConfig.config:31 - 添加主数据源完成
2020-09-01 10:06:48.134 INFO  undertow.start:117 - starting server: Undertow - 2.0.30.Final
2020-09-01 10:06:48.134 INFO  undertow.start:117 - starting server: Undertow - 2.0.30.Final
2020-09-01 10:06:59.315 INFO  undertow.stop:252 - stopping server: Undertow - 2.0.30.Final
2020-09-01 10:06:59.315 INFO  undertow.stop:252 - stopping server: Undertow - 2.0.30.Final
2020-09-01 10:06:59.416 INFO  DbConfig.config:31 - 添加主数据源完成
2020-09-01 10:06:59.416 INFO  DbConfig.config:31 - 添加主数据源完成
2020-09-01 10:06:59.532 INFO  undertow.start:117 - starting server: Undertow - 2.0.30.Final
2020-09-01 10:06:59.532 INFO  undertow.start:117 - starting server: Undertow - 2.0.30.Final
2020-09-01 10:07:04.251 INFO  ApiFormController.removeById:103 - kv : {id=001598884722000998170242ac110006, tableName=om_log_ask_detail_202008}
2020-09-01 10:07:04.251 INFO  ApiFormController.removeById:103 - kv : {id=001598884722000998170242ac110006, tableName=om_log_ask_detail_202008}
2020-09-01 10:07:04.287 INFO  DbService.addColumn:76 - execute sql:ALTER TABLE om_log_ask_detail_202008 ADD COLUMN `is_del` CHAR(1) NULL DEFAULT '0' comment '是否删除,1删除,0未删除';,return code:0
2020-09-01 10:07:04.287 INFO  DbService.addColumn:76 - execute sql:ALTER TABLE om_log_ask_detail_202008 ADD COLUMN `is_del` CHAR(1) NULL DEFAULT '0' comment '是否删除,1删除,0未删除';,return code:0
2020-09-01 10:20:51.161 INFO  Application.main:33 - create server
2020-09-01 10:20:51.161 INFO  Application.main:33 - create server
2020-09-01 10:20:51.206 INFO  Application.main:37 - start server
2020-09-01 10:20:51.206 INFO  Application.main:37 - start server
2020-09-01 10:20:51.607 INFO  DbConfig.config:31 - 添加主数据源完成
2020-09-01 10:20:51.607 INFO  DbConfig.config:31 - 添加主数据源完成
2020-09-01 10:20:52.074 INFO  undertow.start:117 - starting server: Undertow - 2.0.30.Final
2020-09-01 10:20:52.074 INFO  undertow.start:117 - starting server: Undertow - 2.0.30.Final
2020-09-01 10:20:52.092 INFO  xnio.<clinit>:104 - XNIO version 3.3.8.Final
2020-09-01 10:20:52.092 INFO  xnio.<clinit>:104 - XNIO version 3.3.8.Final
2020-09-01 10:20:52.114 INFO  nio.<clinit>:55 - XNIO NIO Implementation Version 3.3.8.Final
2020-09-01 10:20:52.114 INFO  nio.<clinit>:55 - XNIO NIO Implementation Version 3.3.8.Final
2020-09-01 10:21:48.518 INFO  ApiFormController.list:52 - kv : {pageNo=1, orderBy=om_log_ask_detail_202008, pageSize=20, isAsc=false, tableName=item_things_bid}
2020-09-01 10:21:48.518 INFO  ApiFormController.list:52 - kv : {pageNo=1, orderBy=om_log_ask_detail_202008, pageSize=20, isAsc=false, tableName=item_things_bid}
2020-09-01 10:22:32.427 INFO  ApiFormController.list:52 - kv : {pageNo=1, orderBy=VISIT_TIME, pageSize=20, isAsc=false, tableName=om_log_ask_detail_202008}
2020-09-01 10:22:32.427 INFO  ApiFormController.list:52 - kv : {pageNo=1, orderBy=VISIT_TIME, pageSize=20, isAsc=false, tableName=om_log_ask_detail_202008}
2020-09-01 10:22:36.590 INFO  ApiFormController.list:52 - kv : {pageNo=1, orderBy=VISIT_TIME, pageSize=20, isAsc=false, tableName=om_log_ask_detail_202008}
2020-09-01 10:22:36.590 INFO  ApiFormController.list:52 - kv : {pageNo=1, orderBy=VISIT_TIME, pageSize=20, isAsc=false, tableName=om_log_ask_detail_202008}
2020-09-01 10:22:42.030 INFO  ApiFormController.list:52 - kv : {pageNo=2, orderBy=VISIT_TIME, pageSize=20, isAsc=false, tableName=om_log_ask_detail_202008}
2020-09-01 10:22:42.030 INFO  ApiFormController.list:52 - kv : {pageNo=2, orderBy=VISIT_TIME, pageSize=20, isAsc=false, tableName=om_log_ask_detail_202008}
2020-09-01 10:22:43.645 INFO  ApiFormController.list:52 - kv : {pageNo=3, orderBy=VISIT_TIME, pageSize=20, isAsc=false, tableName=om_log_ask_detail_202008}
2020-09-01 10:22:43.645 INFO  ApiFormController.list:52 - kv : {pageNo=3, orderBy=VISIT_TIME, pageSize=20, isAsc=false, tableName=om_log_ask_detail_202008}
2020-09-01 10:23:28.184 INFO  ApiFormController.getById:77 - kv : {id=48676bb875bc43e296327566e1fb369c, tableName=item_things_bid}
2020-09-01 10:23:28.184 INFO  ApiFormController.getById:77 - kv : {id=48676bb875bc43e296327566e1fb369c, tableName=item_things_bid}
2020-09-01 10:23:48.584 INFO  ApiFormController.list:52 - kv : {pageNo=3, orderBy=VISIT_TIME, pageSize=20, isAsc=false, tableName=om_log_ask_detail_202008}
2020-09-01 10:23:48.584 INFO  ApiFormController.list:52 - kv : {pageNo=3, orderBy=VISIT_TIME, pageSize=20, isAsc=false, tableName=om_log_ask_detail_202008}
2020-09-01 10:27:58.991 INFO  Application.main:33 - create server
2020-09-01 10:27:58.991 INFO  Application.main:33 - create server
2020-09-01 10:27:59.021 INFO  Application.main:37 - start server
2020-09-01 10:27:59.021 INFO  Application.main:37 - start server
2020-09-01 10:27:59.269 INFO  DbConfig.config:31 - 添加主数据源完成
2020-09-01 10:27:59.269 INFO  DbConfig.config:31 - 添加主数据源完成
2020-09-01 10:27:59.559 INFO  undertow.start:117 - starting server: Undertow - 2.0.30.Final
2020-09-01 10:27:59.559 INFO  undertow.start:117 - starting server: Undertow - 2.0.30.Final
2020-09-01 10:27:59.570 INFO  xnio.<clinit>:104 - XNIO version 3.3.8.Final
2020-09-01 10:27:59.570 INFO  xnio.<clinit>:104 - XNIO version 3.3.8.Final
2020-09-01 10:27:59.585 INFO  nio.<clinit>:55 - XNIO NIO Implementation Version 3.3.8.Final
2020-09-01 10:27:59.585 INFO  nio.<clinit>:55 - XNIO NIO Implementation Version 3.3.8.Final
2020-09-01 10:28:06.457 INFO  ApiFormController.list:52 - kv : {pageNo=1, orderBy=VISIT_TIME, pageSize=20, isAsc=false, tableName=om_log_ask_detail_202008}
2020-09-01 10:28:06.457 INFO  ApiFormController.list:52 - kv : {pageNo=1, orderBy=VISIT_TIME, pageSize=20, isAsc=false, tableName=om_log_ask_detail_202008}
2020-09-01 10:28:08.777 INFO  ApiFormController.getById:77 - kv : {id=null, tableName=item_things_bid}
2020-09-01 10:28:08.777 INFO  ApiFormController.getById:77 - kv : {id=null, tableName=item_things_bid}
2020-09-01 10:29:09.821 INFO  ApiFormController.getById:77 - kv : {id=null, tableName=om_log_ask_detail_202008}
2020-09-01 10:29:09.821 INFO  ApiFormController.getById:77 - kv : {id=null, tableName=om_log_ask_detail_202008}
2020-09-01 10:29:16.373 INFO  ApiFormController.list:52 - kv : {pageNo=1, orderBy=VISIT_TIME, pageSize=20, isAsc=false, tableName=om_log_ask_detail_202008}
2020-09-01 10:29:16.373 INFO  ApiFormController.list:52 - kv : {pageNo=1, orderBy=VISIT_TIME, pageSize=20, isAsc=false, tableName=om_log_ask_detail_202008}
2020-09-01 10:29:18.179 INFO  ApiFormController.list:52 - kv : {pageNo=1, orderBy=VISIT_TIME, pageSize=20, isAsc=false, tableName=om_log_ask_detail_202008}
2020-09-01 10:29:18.179 INFO  ApiFormController.list:52 - kv : {pageNo=1, orderBy=VISIT_TIME, pageSize=20, isAsc=false, tableName=om_log_ask_detail_202008}
2020-09-01 10:29:21.071 INFO  ApiFormController.getById:77 - kv : {id=null, tableName=om_log_ask_detail_202008}
2020-09-01 10:29:21.071 INFO  ApiFormController.getById:77 - kv : {id=null, tableName=om_log_ask_detail_202008}
2020-09-01 10:30:32.849 INFO  ApiFormController.list:52 - kv : {pageNo=1, orderBy=VISIT_TIME, pageSize=20, isAsc=false, tableName=om_log_ask_detail_202008}
2020-09-01 10:30:32.849 INFO  ApiFormController.list:52 - kv : {pageNo=1, orderBy=VISIT_TIME, pageSize=20, isAsc=false, tableName=om_log_ask_detail_202008}
2020-09-01 10:30:37.633 INFO  ApiFormController.list:52 - kv : {pageNo=1, orderBy=VISIT_TIME, pageSize=20, isAsc=false, tableName=om_log_ask_detail_202008}
2020-09-01 10:30:37.633 INFO  ApiFormController.list:52 - kv : {pageNo=1, orderBy=VISIT_TIME, pageSize=20, isAsc=false, tableName=om_log_ask_detail_202008}
2020-09-01 10:37:52.440 INFO  ApiFormController.list:52 - kv : {pageNo=1, orderBy=VISIT_TIME, pageSize=20, isAsc=false, tableName=om_log_ask_detail_202008}
2020-09-01 10:37:52.440 INFO  ApiFormController.list:52 - kv : {pageNo=1, orderBy=VISIT_TIME, pageSize=20, isAsc=false, tableName=om_log_ask_detail_202008}
2020-09-01 10:37:57.791 INFO  ApiFormController.getById:77 - kv : {id=001598885394000998480242ac110006, tableName=om_log_ask_detail_202008}
2020-09-01 10:37:57.791 INFO  ApiFormController.getById:77 - kv : {id=001598885394000998480242ac110006, tableName=om_log_ask_detail_202008}
2020-09-01 10:38:30.131 INFO  ApiFormController.list:52 - kv : {pageNo=1, orderBy=VISIT_TIME, pageSize=20, isAsc=false, tableName=om_log_ask_detail_202008}
2020-09-01 10:38:30.131 INFO  ApiFormController.list:52 - kv : {pageNo=1, orderBy=VISIT_TIME, pageSize=20, isAsc=false, tableName=om_log_ask_detail_202008}
2020-09-01 10:38:38.976 INFO  ApiFormController.saveOrUpdate:199 - kv : {ANSWER=您的意思我没太明白，请您换一个问法试试，例如“如何办理居民养老”，或许我就能明白啦！, QUESTION_TYPE=8, USER_ID=1e324e43aa5949e097c7f1af16f70013, FAQ_ID=null, KEYWORD=我 申请 失业 补助 通过 但是 我想 知道 会 补发 几个月 给 我 , FAQ_NAME=null, QUESTION=我申请的失业补助通过了，但是我想知道会补发几个月的给我, tableName=om_log_ask_detail_202008, VISIT_TIME=2020-08-31 22:49:54, PLATFORM=weixin, ANSWTER_TYPE=null, CITY=null, IP_ADDRESS=127.0.0.1, ID=001598885394000998480242ac110006, SESSION_ID=c4da1e35a33d421ea4cda3e88fe219aa}
2020-09-01 10:38:38.976 INFO  ApiFormController.saveOrUpdate:199 - kv : {ANSWER=您的意思我没太明白，请您换一个问法试试，例如“如何办理居民养老”，或许我就能明白啦！, QUESTION_TYPE=8, USER_ID=1e324e43aa5949e097c7f1af16f70013, FAQ_ID=null, KEYWORD=我 申请 失业 补助 通过 但是 我想 知道 会 补发 几个月 给 我 , FAQ_NAME=null, QUESTION=我申请的失业补助通过了，但是我想知道会补发几个月的给我, tableName=om_log_ask_detail_202008, VISIT_TIME=2020-08-31 22:49:54, PLATFORM=weixin, ANSWTER_TYPE=null, CITY=null, IP_ADDRESS=127.0.0.1, ID=001598885394000998480242ac110006, SESSION_ID=c4da1e35a33d421ea4cda3e88fe219aa}
2020-09-01 10:39:25.820 INFO  ApiFormController.getById:77 - kv : {id=001598885394000998480242ac110006, tableName=om_log_ask_detail_202008}
2020-09-01 10:39:25.820 INFO  ApiFormController.getById:77 - kv : {id=001598885394000998480242ac110006, tableName=om_log_ask_detail_202008}
2020-09-01 10:40:23.954 INFO  ApiFormController.getById:77 - kv : {id=001598885394000998480242ac110006, tableName=om_log_ask_detail_202008}
2020-09-01 10:40:23.954 INFO  ApiFormController.getById:77 - kv : {id=001598885394000998480242ac110006, tableName=om_log_ask_detail_202008}
2020-09-01 10:40:30.760 INFO  ApiFormController.saveOrUpdate:199 - kv : {ANSWER=您的意思我没太明白，请您换一个问法试试，例如“如何办理居民养老”，或许我就能明白啦！, QUESTION_TYPE=8, USER_ID=1e324e43aa5949e097c7f1af16f70013, FAQ_ID=1, KEYWORD=我 申请 失业 补助 通过 但是 我想 知道 会 补发 几个月 给 我 , FAQ_NAME=null, QUESTION=我申请的失业补助通过了，但是我想知道会补发几个月的给我, tableName=om_log_ask_detail_202008, VISIT_TIME=2020-08-31 22:49:54, PLATFORM=weixin, CITY=null, IP_ADDRESS=null, ID=001598885394000998480242ac110006, SESSION_ID=c4da1e35a33d421ea4cda3e88fe219aa, ANSWER_TYPE=0}
2020-09-01 10:40:30.760 INFO  ApiFormController.saveOrUpdate:199 - kv : {ANSWER=您的意思我没太明白，请您换一个问法试试，例如“如何办理居民养老”，或许我就能明白啦！, QUESTION_TYPE=8, USER_ID=1e324e43aa5949e097c7f1af16f70013, FAQ_ID=1, KEYWORD=我 申请 失业 补助 通过 但是 我想 知道 会 补发 几个月 给 我 , FAQ_NAME=null, QUESTION=我申请的失业补助通过了，但是我想知道会补发几个月的给我, tableName=om_log_ask_detail_202008, VISIT_TIME=2020-08-31 22:49:54, PLATFORM=weixin, CITY=null, IP_ADDRESS=null, ID=001598885394000998480242ac110006, SESSION_ID=c4da1e35a33d421ea4cda3e88fe219aa, ANSWER_TYPE=0}
2020-09-01 10:40:30.953 INFO  ApiFormController.list:52 - kv : {pageNo=1, orderBy=VISIT_TIME, pageSize=20, isAsc=false, tableName=om_log_ask_detail_202008}
2020-09-01 10:40:30.953 INFO  ApiFormController.list:52 - kv : {pageNo=1, orderBy=VISIT_TIME, pageSize=20, isAsc=false, tableName=om_log_ask_detail_202008}
2020-09-01 10:40:43.356 INFO  ApiFormController.getById:77 - kv : {id=001598885394000998480242ac110006, tableName=om_log_ask_detail_202008}
2020-09-01 10:40:43.356 INFO  ApiFormController.getById:77 - kv : {id=001598885394000998480242ac110006, tableName=om_log_ask_detail_202008}
2020-09-01 10:41:04.303 INFO  ApiFormController.saveOrUpdate:199 - kv : {ANSWER=您的意思我没太明白，请您换一个问法试试，例如“如何办理居民养老”，或许我就能明白啦！, QUESTION_TYPE=8, USER_ID=1e324e43aa5949e097c7f1af16f70013, FAQ_ID=null, KEYWORD=我 申请 失业 补助 通过 但是 我想 知道 会 补发 几个月 给 我 , FAQ_NAME=null, QUESTION=我申请的失业补助通过了，但是我想知道会补发几个月的给我, tableName=om_log_ask_detail_202008, VISIT_TIME=2020-08-31 22:49:54, PLATFORM=weixin, CITY=null, IP_ADDRESS=127.0.0.1, ID=001598885394000998480242ac110006, SESSION_ID=c4da1e35a33d421ea4cda3e88fe219aa, ANSWER_TYPE=0}
2020-09-01 10:41:04.303 INFO  ApiFormController.saveOrUpdate:199 - kv : {ANSWER=您的意思我没太明白，请您换一个问法试试，例如“如何办理居民养老”，或许我就能明白啦！, QUESTION_TYPE=8, USER_ID=1e324e43aa5949e097c7f1af16f70013, FAQ_ID=null, KEYWORD=我 申请 失业 补助 通过 但是 我想 知道 会 补发 几个月 给 我 , FAQ_NAME=null, QUESTION=我申请的失业补助通过了，但是我想知道会补发几个月的给我, tableName=om_log_ask_detail_202008, VISIT_TIME=2020-08-31 22:49:54, PLATFORM=weixin, CITY=null, IP_ADDRESS=127.0.0.1, ID=001598885394000998480242ac110006, SESSION_ID=c4da1e35a33d421ea4cda3e88fe219aa, ANSWER_TYPE=0}
2020-09-01 10:41:04.412 INFO  ApiFormController.list:52 - kv : {pageNo=1, orderBy=VISIT_TIME, pageSize=20, isAsc=false, tableName=om_log_ask_detail_202008}
2020-09-01 10:41:04.412 INFO  ApiFormController.list:52 - kv : {pageNo=1, orderBy=VISIT_TIME, pageSize=20, isAsc=false, tableName=om_log_ask_detail_202008}
2020-09-01 10:41:11.666 INFO  ApiFormController.list:52 - kv : {pageNo=1, orderBy=VISIT_TIME, pageSize=20, isAsc=false, tableName=om_log_ask_detail_202008}
2020-09-01 10:41:11.666 INFO  ApiFormController.list:52 - kv : {pageNo=1, orderBy=VISIT_TIME, pageSize=20, isAsc=false, tableName=om_log_ask_detail_202008}
2020-09-01 10:41:18.494 INFO  ApiFormController.getById:77 - kv : {id=001598885394000998480242ac110006, tableName=om_log_ask_detail_202008}
2020-09-01 10:41:18.494 INFO  ApiFormController.getById:77 - kv : {id=001598885394000998480242ac110006, tableName=om_log_ask_detail_202008}
2020-09-01 10:41:22.890 INFO  ApiFormController.saveOrUpdate:199 - kv : {ANSWER=您的意思我没太明白，请您换一个问法试试，例如“如何办理居民养老”，或许我就能明白啦！, QUESTION_TYPE=8, USER_ID=1e324e43aa5949e097c7f1af16f70013, FAQ_ID=null, KEYWORD=我 申请 失业 补助 通过 但是 我想 知道 会 补发 几个月 给 我 , FAQ_NAME=null, QUESTION=我申请的失业补助通过了，但是我想知道会补发几个月的给我, tableName=om_log_ask_detail_202008, VISIT_TIME=2020-08-31 22:49:54, PLATFORM=weixin, CITY=null, IP_ADDRESS=127.0.0.1, ID=001598885394000998480242ac110006, SESSION_ID=c4da1e35a33d421ea4cda3e88fe219aa, ANSWER_TYPE=0}
2020-09-01 10:41:22.890 INFO  ApiFormController.saveOrUpdate:199 - kv : {ANSWER=您的意思我没太明白，请您换一个问法试试，例如“如何办理居民养老”，或许我就能明白啦！, QUESTION_TYPE=8, USER_ID=1e324e43aa5949e097c7f1af16f70013, FAQ_ID=null, KEYWORD=我 申请 失业 补助 通过 但是 我想 知道 会 补发 几个月 给 我 , FAQ_NAME=null, QUESTION=我申请的失业补助通过了，但是我想知道会补发几个月的给我, tableName=om_log_ask_detail_202008, VISIT_TIME=2020-08-31 22:49:54, PLATFORM=weixin, CITY=null, IP_ADDRESS=127.0.0.1, ID=001598885394000998480242ac110006, SESSION_ID=c4da1e35a33d421ea4cda3e88fe219aa, ANSWER_TYPE=0}
2020-09-01 10:41:22.946 INFO  ApiFormController.list:52 - kv : {pageNo=1, orderBy=VISIT_TIME, pageSize=20, isAsc=false, tableName=om_log_ask_detail_202008}
2020-09-01 10:41:22.946 INFO  ApiFormController.list:52 - kv : {pageNo=1, orderBy=VISIT_TIME, pageSize=20, isAsc=false, tableName=om_log_ask_detail_202008}
2020-09-01 10:41:44.286 INFO  ApiFormController.getById:77 - kv : {id=001598885394000998480242ac110006, tableName=om_log_ask_detail_202008}
2020-09-01 10:41:44.286 INFO  ApiFormController.getById:77 - kv : {id=001598885394000998480242ac110006, tableName=om_log_ask_detail_202008}
2020-09-01 10:41:53.953 INFO  ApiFormController.list:52 - kv : {pageNo=1, orderBy=VISIT_TIME, pageSize=20, isAsc=false, tableName=om_log_ask_detail_202008}
2020-09-01 10:41:53.953 INFO  ApiFormController.list:52 - kv : {pageNo=1, orderBy=VISIT_TIME, pageSize=20, isAsc=false, tableName=om_log_ask_detail_202008}
2020-09-01 10:43:21.905 INFO  ApiFormController.saveOrUpdate:199 - kv : {ANSWER=您的意思我没太明白，请您换一个问法试试，例如“如何办理居民养老”，或许我就能明白啦！, QUESTION_TYPE=8, USER_ID=1e324e43aa5949e097c7f1af16f70013, FAQ_ID=null, KEYWORD=我 申请 失业 补助 通过 但是 我想 知道 会 补发 几个月 给 我 , FAQ_NAME=null, QUESTION=我申请的失业补助通过了，但是我想知道会补发几个月的给我, tableName=om_log_ask_detail_202008, VISIT_TIME=2020-08-31 22:49:54, PLATFORM=weixin, CITY=null, IP_ADDRESS=null, ID=001598885394000998480242ac110006, SESSION_ID=c4da1e35a33d421ea4cda3e88fe219aa, ANSWER_TYPE=0}
2020-09-01 10:43:21.905 INFO  ApiFormController.saveOrUpdate:199 - kv : {ANSWER=您的意思我没太明白，请您换一个问法试试，例如“如何办理居民养老”，或许我就能明白啦！, QUESTION_TYPE=8, USER_ID=1e324e43aa5949e097c7f1af16f70013, FAQ_ID=null, KEYWORD=我 申请 失业 补助 通过 但是 我想 知道 会 补发 几个月 给 我 , FAQ_NAME=null, QUESTION=我申请的失业补助通过了，但是我想知道会补发几个月的给我, tableName=om_log_ask_detail_202008, VISIT_TIME=2020-08-31 22:49:54, PLATFORM=weixin, CITY=null, IP_ADDRESS=null, ID=001598885394000998480242ac110006, SESSION_ID=c4da1e35a33d421ea4cda3e88fe219aa, ANSWER_TYPE=0}
2020-09-01 10:43:21.994 INFO  ApiFormController.list:52 - kv : {pageNo=1, orderBy=VISIT_TIME, pageSize=20, isAsc=false, tableName=om_log_ask_detail_202008}
2020-09-01 10:43:21.994 INFO  ApiFormController.list:52 - kv : {pageNo=1, orderBy=VISIT_TIME, pageSize=20, isAsc=false, tableName=om_log_ask_detail_202008}
2020-09-01 10:43:39.817 INFO  ApiFormController.getById:77 - kv : {id=001598885394000998480242ac110006, tableName=om_log_ask_detail_202008}
2020-09-01 10:43:39.817 INFO  ApiFormController.getById:77 - kv : {id=001598885394000998480242ac110006, tableName=om_log_ask_detail_202008}
2020-09-01 10:43:57.367 INFO  ApiFormController.saveOrUpdate:199 - kv : {ANSWER=您的意思我没太明白，请您换一个问法试试，例如“如何办理居民养老”，或许我就能明白啦！, QUESTION_TYPE=8, USER_ID=1e324e43aa5949e097c7f1af16f70013, FAQ_ID=null, KEYWORD=我 申请 失业 补助 通过 但是 我想 知道 会 补发 几个月 给 我 , FAQ_NAME=null, QUESTION=我申请的失业补助通过了，但是我想知道会补发几个月的给我, tableName=om_log_ask_detail_202008, VISIT_TIME=2020-08-31 22:49:54, PLATFORM=weixin, CITY=null, IP_ADDRESS=null, ID=001598885394000998480242ac110006, SESSION_ID=c4da1e35a33d421ea4cda3e88fe219aa, ANSWER_TYPE=0}
2020-09-01 10:43:57.367 INFO  ApiFormController.saveOrUpdate:199 - kv : {ANSWER=您的意思我没太明白，请您换一个问法试试，例如“如何办理居民养老”，或许我就能明白啦！, QUESTION_TYPE=8, USER_ID=1e324e43aa5949e097c7f1af16f70013, FAQ_ID=null, KEYWORD=我 申请 失业 补助 通过 但是 我想 知道 会 补发 几个月 给 我 , FAQ_NAME=null, QUESTION=我申请的失业补助通过了，但是我想知道会补发几个月的给我, tableName=om_log_ask_detail_202008, VISIT_TIME=2020-08-31 22:49:54, PLATFORM=weixin, CITY=null, IP_ADDRESS=null, ID=001598885394000998480242ac110006, SESSION_ID=c4da1e35a33d421ea4cda3e88fe219aa, ANSWER_TYPE=0}
2020-09-01 10:44:51.910 INFO  ApiFormController.list:52 - kv : {pageNo=1, orderBy=VISIT_TIME, pageSize=20, isAsc=false, tableName=om_log_ask_detail_202008}
2020-09-01 10:44:51.910 INFO  ApiFormController.list:52 - kv : {pageNo=1, orderBy=VISIT_TIME, pageSize=20, isAsc=false, tableName=om_log_ask_detail_202008}
2020-09-01 10:58:49.504 INFO  ApiFormController.list:52 - kv : {pageNo=1, orderBy=VISIT_TIME, pageSize=20, isAsc=false, tableName=om_log_ask_detail_202008}
2020-09-01 10:58:49.504 INFO  ApiFormController.list:52 - kv : {pageNo=1, orderBy=VISIT_TIME, pageSize=20, isAsc=false, tableName=om_log_ask_detail_202008}
2020-09-01 11:01:46.673 INFO  ApiFormController.list:52 - kv : {pageNo=1, orderBy=VISIT_TIME, pageSize=20, isAsc=false, tableName=om_log_ask_detail_202008}
2020-09-01 11:01:46.673 INFO  ApiFormController.list:52 - kv : {pageNo=1, orderBy=VISIT_TIME, pageSize=20, isAsc=false, tableName=om_log_ask_detail_202008}
2020-09-01 11:05:18.607 INFO  Application.main:33 - create server
2020-09-01 11:05:18.607 INFO  Application.main:33 - create server
2020-09-01 11:05:18.650 INFO  Application.main:37 - start server
2020-09-01 11:05:18.650 INFO  Application.main:37 - start server
2020-09-01 11:05:18.978 INFO  DbConfig.config:31 - 添加主数据源完成
2020-09-01 11:05:18.978 INFO  DbConfig.config:31 - 添加主数据源完成
2020-09-01 11:05:19.349 INFO  undertow.start:117 - starting server: Undertow - 2.0.30.Final
2020-09-01 11:05:19.349 INFO  undertow.start:117 - starting server: Undertow - 2.0.30.Final
2020-09-01 11:05:19.369 INFO  xnio.<clinit>:104 - XNIO version 3.3.8.Final
2020-09-01 11:05:19.369 INFO  xnio.<clinit>:104 - XNIO version 3.3.8.Final
2020-09-01 11:05:19.390 INFO  nio.<clinit>:55 - XNIO NIO Implementation Version 3.3.8.Final
2020-09-01 11:05:19.390 INFO  nio.<clinit>:55 - XNIO NIO Implementation Version 3.3.8.Final
2020-09-01 11:06:01.384 INFO  ApiFormController.list:52 - kv : {pageNo=1, pageSize=10, tableName=om_log_ask_detail_202008}
2020-09-01 11:06:01.384 INFO  ApiFormController.list:52 - kv : {pageNo=1, pageSize=10, tableName=om_log_ask_detail_202008}
2020-09-01 11:12:18.662 INFO  Application.main:33 - create server
2020-09-01 11:12:18.662 INFO  Application.main:33 - create server
2020-09-01 11:12:18.693 INFO  Application.main:37 - start server
2020-09-01 11:12:18.693 INFO  Application.main:37 - start server
2020-09-01 11:12:18.936 INFO  DbConfig.config:31 - 添加主数据源完成
2020-09-01 11:12:18.936 INFO  DbConfig.config:31 - 添加主数据源完成
2020-09-01 11:12:19.234 INFO  undertow.start:117 - starting server: Undertow - 2.0.30.Final
2020-09-01 11:12:19.234 INFO  undertow.start:117 - starting server: Undertow - 2.0.30.Final
2020-09-01 11:12:19.245 INFO  xnio.<clinit>:104 - XNIO version 3.3.8.Final
2020-09-01 11:12:19.245 INFO  xnio.<clinit>:104 - XNIO version 3.3.8.Final
2020-09-01 11:12:19.260 INFO  nio.<clinit>:55 - XNIO NIO Implementation Version 3.3.8.Final
2020-09-01 11:12:19.260 INFO  nio.<clinit>:55 - XNIO NIO Implementation Version 3.3.8.Final
2020-09-01 11:12:23.785 INFO  ApiFormController.list:52 - kv : {pageNo=1, pageSize=10, tableName=om_log_ask_detail_202008}
2020-09-01 11:12:23.785 INFO  ApiFormController.list:52 - kv : {pageNo=1, pageSize=10, tableName=om_log_ask_detail_202008}
2020-09-01 11:18:32.130 INFO  Application.main:33 - create server
2020-09-01 11:18:32.130 INFO  Application.main:33 - create server
2020-09-01 11:18:32.166 INFO  Application.main:37 - start server
2020-09-01 11:18:32.166 INFO  Application.main:37 - start server
2020-09-01 11:18:32.409 INFO  DbConfig.config:31 - 添加主数据源完成
2020-09-01 11:18:32.409 INFO  DbConfig.config:31 - 添加主数据源完成
2020-09-01 11:18:32.713 INFO  undertow.start:117 - starting server: Undertow - 2.0.30.Final
2020-09-01 11:18:32.713 INFO  undertow.start:117 - starting server: Undertow - 2.0.30.Final
2020-09-01 11:18:32.725 INFO  xnio.<clinit>:104 - XNIO version 3.3.8.Final
2020-09-01 11:18:32.725 INFO  xnio.<clinit>:104 - XNIO version 3.3.8.Final
2020-09-01 11:18:32.739 INFO  nio.<clinit>:55 - XNIO NIO Implementation Version 3.3.8.Final
2020-09-01 11:18:32.739 INFO  nio.<clinit>:55 - XNIO NIO Implementation Version 3.3.8.Final
2020-09-01 11:18:38.061 INFO  ApiFormController.list:52 - kv : {pageNo=1, pageSize=10, tableName=om_log_ask_detail_202008}
2020-09-01 11:18:38.061 INFO  ApiFormController.list:52 - kv : {pageNo=1, pageSize=10, tableName=om_log_ask_detail_202008}
2020-09-01 11:21:03.675 INFO  Application.main:33 - create server
2020-09-01 11:21:03.675 INFO  Application.main:33 - create server
2020-09-01 11:21:03.720 INFO  Application.main:37 - start server
2020-09-01 11:21:03.720 INFO  Application.main:37 - start server
2020-09-01 11:21:04.029 INFO  DbConfig.config:31 - 添加主数据源完成
2020-09-01 11:21:04.029 INFO  DbConfig.config:31 - 添加主数据源完成
2020-09-01 11:21:04.429 INFO  undertow.start:117 - starting server: Undertow - 2.0.30.Final
2020-09-01 11:21:04.429 INFO  undertow.start:117 - starting server: Undertow - 2.0.30.Final
2020-09-01 11:21:04.449 INFO  xnio.<clinit>:104 - XNIO version 3.3.8.Final
2020-09-01 11:21:04.449 INFO  xnio.<clinit>:104 - XNIO version 3.3.8.Final
2020-09-01 11:21:04.469 INFO  nio.<clinit>:55 - XNIO NIO Implementation Version 3.3.8.Final
2020-09-01 11:21:04.469 INFO  nio.<clinit>:55 - XNIO NIO Implementation Version 3.3.8.Final
2020-09-01 11:21:37.308 INFO  ApiFormController.list:52 - kv : {pageNo=1, pageSize=10, tableName=om_log_ask_detail_202008}
2020-09-01 11:21:37.308 INFO  ApiFormController.list:52 - kv : {pageNo=1, pageSize=10, tableName=om_log_ask_detail_202008}
2020-09-01 11:21:55.339 INFO  ApiFormController.list:52 - kv : {pageNo=1, orderBy=VISIT_TIME, pageSize=10, isAsc=false, tableName=om_log_ask_detail_202008}
2020-09-01 11:21:55.339 INFO  ApiFormController.list:52 - kv : {pageNo=1, orderBy=VISIT_TIME, pageSize=10, isAsc=false, tableName=om_log_ask_detail_202008}
2020-09-01 11:23:49.120 INFO  ApiFormController.list:52 - kv : {pageNo=1, orderBy=VISIT_TIME, pageSize=20, isAsc=false, tableName=om_log_ask_detail_202008}
2020-09-01 11:23:49.120 INFO  ApiFormController.list:52 - kv : {pageNo=1, orderBy=VISIT_TIME, pageSize=20, isAsc=false, tableName=om_log_ask_detail_202008}
2020-09-01 11:23:58.241 INFO  ApiFormController.removeById:104 - kv : {id=001598885394000998480242ac110006, tableName=om_log_ask_detail_202008}
2020-09-01 11:23:58.241 INFO  ApiFormController.removeById:104 - kv : {id=001598885394000998480242ac110006, tableName=om_log_ask_detail_202008}
2020-09-01 11:23:58.267 INFO  DbService.addColumn:76 - execute sql:ALTER TABLE om_log_ask_detail_202008 ADD COLUMN `is_del` CHAR(1) NULL DEFAULT '0' comment '是否删除,1删除,0未删除';,return code:0
2020-09-01 11:23:58.267 INFO  DbService.addColumn:76 - execute sql:ALTER TABLE om_log_ask_detail_202008 ADD COLUMN `is_del` CHAR(1) NULL DEFAULT '0' comment '是否删除,1删除,0未删除';,return code:0
2020-09-01 11:24:03.740 INFO  ApiFormController.removeByIds:133 - kv : {ids[]=001598885363000998470242ac110006, tableName=om_log_ask_detail_202008}
2020-09-01 11:24:03.740 INFO  ApiFormController.removeByIds:133 - kv : {ids[]=001598885363000998470242ac110006, tableName=om_log_ask_detail_202008}
2020-09-01 11:24:03.741 INFO  ApiFormController.removeByIds:155 - paraValues : [001598885363000998470242ac110006, 001598885351000998460242ac110006]
2020-09-01 11:24:03.741 INFO  ApiFormController.removeByIds:155 - paraValues : [001598885363000998470242ac110006, 001598885351000998460242ac110006]
2020-09-01 11:24:04.031 INFO  ApiFormController.list:52 - kv : {pageNo=1, orderBy=VISIT_TIME, pageSize=20, isAsc=false, tableName=om_log_ask_detail_202008}
2020-09-01 11:24:04.031 INFO  ApiFormController.list:52 - kv : {pageNo=1, orderBy=VISIT_TIME, pageSize=20, isAsc=false, tableName=om_log_ask_detail_202008}
2020-09-01 11:24:17.188 INFO  ApiFormController.saveOrUpdate:200 - kv : {ANSWER=您的意思我没太明白，请您换一个问法试试，例如“如何办理居民养老”，或许我就能明白啦！, QUESTION_TYPE=8, USER_ID=1e324e43aa5949e097c7f1af16f70013, FAQ_ID=null, KEYWORD=我 申请 失业 补助 通过 但是 我想 知道 会 补发 几个月 给 我 , FAQ_NAME=null, QUESTION=我申请的失业补助通过了，但是我想知道会补发几个月的给我, tableName=om_log_ask_detail_202008, VISIT_TIME=2020-08-31 22:49:54, PLATFORM=weixin, CITY=null, IP_ADDRESS=127.0.0.1, ID=001598885394000998480242ac110006, SESSION_ID=c4da1e35a33d421ea4cda3e88fe219aa, ANSWER_TYPE=0}
2020-09-01 11:24:17.188 INFO  ApiFormController.saveOrUpdate:200 - kv : {ANSWER=您的意思我没太明白，请您换一个问法试试，例如“如何办理居民养老”，或许我就能明白啦！, QUESTION_TYPE=8, USER_ID=1e324e43aa5949e097c7f1af16f70013, FAQ_ID=null, KEYWORD=我 申请 失业 补助 通过 但是 我想 知道 会 补发 几个月 给 我 , FAQ_NAME=null, QUESTION=我申请的失业补助通过了，但是我想知道会补发几个月的给我, tableName=om_log_ask_detail_202008, VISIT_TIME=2020-08-31 22:49:54, PLATFORM=weixin, CITY=null, IP_ADDRESS=127.0.0.1, ID=001598885394000998480242ac110006, SESSION_ID=c4da1e35a33d421ea4cda3e88fe219aa, ANSWER_TYPE=0}
2020-09-01 11:24:17.228 INFO  ApiFormController.list:52 - kv : {pageNo=1, orderBy=VISIT_TIME, pageSize=20, isAsc=false, tableName=om_log_ask_detail_202008}
2020-09-01 11:24:17.228 INFO  ApiFormController.list:52 - kv : {pageNo=1, orderBy=VISIT_TIME, pageSize=20, isAsc=false, tableName=om_log_ask_detail_202008}
2020-09-01 11:24:29.495 INFO  ApiFormController.list:52 - kv : {sblsh=null, end.create_time=null, pageNo=1, orderBy=VISIT_TIME, pageSize=20, start.create_time=null, end.update_time=null, isAsc=false, id=001598885394000998480242ac110006, start.update_time=null, tableName=om_log_ask_detail_202008}
2020-09-01 11:24:29.495 INFO  ApiFormController.list:52 - kv : {sblsh=null, end.create_time=null, pageNo=1, orderBy=VISIT_TIME, pageSize=20, start.create_time=null, end.update_time=null, isAsc=false, id=001598885394000998480242ac110006, start.update_time=null, tableName=om_log_ask_detail_202008}
2020-09-01 11:25:59.800 INFO  ApiFormController.list:52 - kv : {sblsh=null, end.create_time=null, pageNo=1, orderBy=VISIT_TIME, pageSize=20, start.create_time=null, end.update_time=null, isAsc=false, id=001598885394000998480242ac110006, start.update_time=null, tableName=om_log_ask_detail_202008}
2020-09-01 11:25:59.800 INFO  ApiFormController.list:52 - kv : {sblsh=null, end.create_time=null, pageNo=1, orderBy=VISIT_TIME, pageSize=20, start.create_time=null, end.update_time=null, isAsc=false, id=001598885394000998480242ac110006, start.update_time=null, tableName=om_log_ask_detail_202008}
2020-09-01 11:26:20.708 INFO  ApiFormController.list:52 - kv : {sblsh=null, end.create_time=null, pageNo=1, orderBy=VISIT_TIME, pageSize=20, start.create_time=null, end.update_time=null, isAsc=false, id=001598885394000998480242ac110006, start.update_time=null, tableName=om_log_ask_detail_202008}
2020-09-01 11:26:20.708 INFO  ApiFormController.list:52 - kv : {sblsh=null, end.create_time=null, pageNo=1, orderBy=VISIT_TIME, pageSize=20, start.create_time=null, end.update_time=null, isAsc=false, id=001598885394000998480242ac110006, start.update_time=null, tableName=om_log_ask_detail_202008}
2020-09-01 11:58:35.050 INFO  Application.main:33 - create server
2020-09-01 11:58:35.050 INFO  Application.main:33 - create server
2020-09-01 11:58:35.083 INFO  Application.main:37 - start server
2020-09-01 11:58:35.083 INFO  Application.main:37 - start server
2020-09-01 11:58:35.331 INFO  DbConfig.config:31 - 添加主数据源完成
2020-09-01 11:58:35.331 INFO  DbConfig.config:31 - 添加主数据源完成
2020-09-01 11:58:35.634 INFO  undertow.start:117 - starting server: Undertow - 2.0.30.Final
2020-09-01 11:58:35.634 INFO  undertow.start:117 - starting server: Undertow - 2.0.30.Final
2020-09-01 11:58:35.646 INFO  xnio.<clinit>:104 - XNIO version 3.3.8.Final
2020-09-01 11:58:35.646 INFO  xnio.<clinit>:104 - XNIO version 3.3.8.Final
2020-09-01 11:58:35.663 INFO  nio.<clinit>:55 - XNIO NIO Implementation Version 3.3.8.Final
2020-09-01 11:58:35.663 INFO  nio.<clinit>:55 - XNIO NIO Implementation Version 3.3.8.Final
2020-09-01 11:58:51.831 INFO  ApiFormController.list:52 - kv : {pageNo=1, orderBy=VISIT_TIME, pageSize=20, isAsc=false, tableName=om_log_ask_detail_202008}
2020-09-01 11:58:51.831 INFO  ApiFormController.list:52 - kv : {pageNo=1, orderBy=VISIT_TIME, pageSize=20, isAsc=false, tableName=om_log_ask_detail_202008}
2020-09-01 11:59:18.503 INFO  ApiFormController.list:52 - kv : {pageNo=1, orderBy=VISIT_TIME, pageSize=20, isAsc=false, tableName=om_log_ask_detail_202008}
2020-09-01 11:59:18.503 INFO  ApiFormController.list:52 - kv : {pageNo=1, orderBy=VISIT_TIME, pageSize=20, isAsc=false, tableName=om_log_ask_detail_202008}
2020-09-01 11:59:20.462 INFO  ApiFormController.getById:78 - kv : {id=001598885394000998480242ac110006, tableName=om_log_ask_detail_202008}
2020-09-01 11:59:20.462 INFO  ApiFormController.getById:78 - kv : {id=001598885394000998480242ac110006, tableName=om_log_ask_detail_202008}
2020-09-01 11:59:30.105 INFO  ApiFormController.list:52 - kv : {pageNo=1, orderBy=VISIT_TIME, pageSize=20, isAsc=false, tableName=om_log_ask_detail_202008}
2020-09-01 11:59:30.105 INFO  ApiFormController.list:52 - kv : {pageNo=1, orderBy=VISIT_TIME, pageSize=20, isAsc=false, tableName=om_log_ask_detail_202008}
2020-09-02 08:58:56.710 INFO  Application.main:33 - create server
2020-09-02 08:58:56.710 INFO  Application.main:33 - create server
2020-09-02 08:58:56.761 INFO  Application.main:37 - start server
2020-09-02 08:58:56.761 INFO  Application.main:37 - start server
2020-09-02 08:58:57.047 INFO  DbConfig.config:31 - 添加主数据源完成
2020-09-02 08:58:57.047 INFO  DbConfig.config:31 - 添加主数据源完成
2020-09-02 08:58:57.369 INFO  undertow.start:117 - starting server: Undertow - 2.0.30.Final
2020-09-02 08:58:57.369 INFO  undertow.start:117 - starting server: Undertow - 2.0.30.Final
2020-09-02 08:58:57.382 INFO  xnio.<clinit>:104 - XNIO version 3.3.8.Final
2020-09-02 08:58:57.382 INFO  xnio.<clinit>:104 - XNIO version 3.3.8.Final
2020-09-02 08:58:57.398 INFO  nio.<clinit>:55 - XNIO NIO Implementation Version 3.3.8.Final
2020-09-02 08:58:57.398 INFO  nio.<clinit>:55 - XNIO NIO Implementation Version 3.3.8.Final
2020-09-28 09:21:38.328 INFO  DbConfig.config:31 - 添加主数据源完成
2020-09-28 09:21:38.328 INFO  DbConfig.config:31 - 添加主数据源完成
2020-09-28 09:21:58.414 INFO  DbConfig.config:31 - 添加主数据源完成
2020-09-28 09:21:58.414 INFO  DbConfig.config:31 - 添加主数据源完成
2020-09-28 09:21:58.728 INFO  undertow.start:117 - starting server: Undertow - 2.0.30.Final
2020-09-28 09:21:58.728 INFO  undertow.start:117 - starting server: Undertow - 2.0.30.Final
2020-09-28 09:21:58.742 INFO  xnio.<clinit>:104 - XNIO version 3.3.8.Final
2020-09-28 09:21:58.742 INFO  xnio.<clinit>:104 - XNIO version 3.3.8.Final
2020-09-28 09:21:58.757 INFO  nio.<clinit>:55 - XNIO NIO Implementation Version 3.3.8.Final
2020-09-28 09:21:58.757 INFO  nio.<clinit>:55 - XNIO NIO Implementation Version 3.3.8.Final
2020-09-28 09:23:52.792 INFO  ApiFormController.list:56 - kv : {pageNo=1, orderBy=update_time, pageSize=20, isAsc=false, tableName=om_log_ask_detail_202008}
2020-09-28 09:23:52.792 INFO  ApiFormController.list:56 - kv : {pageNo=1, orderBy=update_time, pageSize=20, isAsc=false, tableName=om_log_ask_detail_202008}
2020-09-28 09:24:59.075 INFO  ApiFormController.list:56 - kv : {pageNo=1, orderBy=VISIT_TIME, pageSize=20, isAsc=false, tableName=om_log_ask_detail_202008}
2020-09-28 09:24:59.075 INFO  ApiFormController.list:56 - kv : {pageNo=1, orderBy=VISIT_TIME, pageSize=20, isAsc=false, tableName=om_log_ask_detail_202008}
2020-09-28 09:25:58.094 INFO  ApiFormController.list:56 - kv : {pageNo=1, orderBy=VISIT_TIME, pageSize=20, isAsc=false, tableName=om_log_ask_detail_202008}
2020-09-28 09:25:58.094 INFO  ApiFormController.list:56 - kv : {pageNo=1, orderBy=VISIT_TIME, pageSize=20, isAsc=false, tableName=om_log_ask_detail_202008}
2020-09-28 09:26:03.357 INFO  ApiFormController.list:56 - kv : {pageNo=1, orderBy=VISIT_TIME, pageSize=20, isAsc=false, tableName=om_log_ask_detail_202008}
2020-09-28 09:26:03.357 INFO  ApiFormController.list:56 - kv : {pageNo=1, orderBy=VISIT_TIME, pageSize=20, isAsc=false, tableName=om_log_ask_detail_202008}
2020-09-28 09:26:29.408 INFO  ApiFormController.list:56 - kv : {pageNo=1, orderBy=VISIT_TIME, pageSize=20, isAsc=false, tableName=om_log_ask_detail_202008}
2020-09-28 09:26:29.408 INFO  ApiFormController.list:56 - kv : {pageNo=1, orderBy=VISIT_TIME, pageSize=20, isAsc=false, tableName=om_log_ask_detail_202008}
